[15Dez.2025 20:15:10.816] [main/INFO] [net.neoforged.fml.startup.Entrypoint/]: JVM Uptime at startup: 185ms
[15Dez.2025 20:15:10.829] [main/INFO] [net.neoforged.fml.loading.FMLLoader/]: Starting FancyModLoader version 10.0.34 (CLIENT in DEV)
[15Dez.2025 20:15:10.830] [main/INFO] [net.neoforged.fml.loading.FMLLoader/]: Game directory: C:\Users\chris\Desktop\Development\Java\unob\run
[15Dez.2025 20:15:10.831] [main/DEBUG] [net.neoforged.fml.loading.FMLPaths/CORE]: Path GAMEDIR is C:\Users\chris\Desktop\Development\Java\unob\run
[15Dez.2025 20:15:10.831] [main/DEBUG] [net.neoforged.fml.loading.FMLPaths/CORE]: Path JIJ_CACHEDIR is C:\Users\chris\Desktop\Development\Java\unob\run\.cache\jij
[15Dez.2025 20:15:10.832] [main/DEBUG] [net.neoforged.fml.loading.FMLPaths/CORE]: Path MODSDIR is C:\Users\chris\Desktop\Development\Java\unob\run\mods
[15Dez.2025 20:15:10.832] [main/DEBUG] [net.neoforged.fml.loading.FMLPaths/CORE]: Path CONFIGDIR is C:\Users\chris\Desktop\Development\Java\unob\run\config
[15Dez.2025 20:15:10.832] [main/DEBUG] [net.neoforged.fml.loading.FMLPaths/CORE]: Path FMLCONFIG is C:\Users\chris\Desktop\Development\Java\unob\run\config\fml.toml
[15Dez.2025 20:15:10.884] [ForkJoinPool.commonPool-worker-1/DEBUG] [net.neoforged.fml.loading.EarlyServiceDiscovery/]: C:\Users\chris\.gradle\caches\modules-2\files-2.1\net.neoforged.fancymodloader\loader\10.0.34\940266c61386e450a76e94b72f06343ab9d3417e\loader-10.0.34.jar contains early service net.neoforged.neoforgespi.locating.IModFileReader
[15Dez.2025 20:15:10.888] [ForkJoinPool.commonPool-worker-3/DEBUG] [net.neoforged.fml.loading.EarlyServiceDiscovery/]: C:\Users\chris\.gradle\caches\modules-2\files-2.1\net.neoforged.fancymodloader\earlydisplay\10.0.34\6b03e4ea379214464e918a423421a654ac34ca7\earlydisplay-10.0.34.jar contains early service net.neoforged.neoforgespi.earlywindow.ImmediateWindowProvider
[15Dez.2025 20:15:10.897] [ForkJoinPool.commonPool-worker-1/DEBUG] [net.neoforged.fml.loading.moddiscovery.ModFile/LOADING]: Loading mod file C:\Users\chris\.gradle\caches\modules-2\files-2.1\net.neoforged.fancymodloader\loader\10.0.34\940266c61386e450a76e94b72f06343ab9d3417e\loader-10.0.34.jar with languages []
[15Dez.2025 20:15:10.897] [ForkJoinPool.commonPool-worker-3/DEBUG] [net.neoforged.fml.loading.moddiscovery.ModFile/LOADING]: Loading mod file C:\Users\chris\.gradle\caches\modules-2\files-2.1\net.neoforged.fancymodloader\earlydisplay\10.0.34\6b03e4ea379214464e918a423421a654ac34ca7\earlydisplay-10.0.34.jar with languages []
[15Dez.2025 20:15:10.900] [main/INFO] [net.neoforged.fml.loading.EarlyServiceDiscovery/]: Found 2 early service jars (out of 105) in 32ms
[15Dez.2025 20:15:10.900] [main/INFO] [net.neoforged.fml.loading.FMLLoader/]: Loading FML Early Services:
[15Dez.2025 20:15:10.901] [main/INFO] [net.neoforged.fml.loading.FMLLoader/]:  - C:/Users/chris/.gradle/caches/modules-2/files-2.1/net.neoforged.fancymodloader/earlydisplay/10.0.34/6b03e4ea379214464e918a423421a654ac34ca7/earlydisplay-10.0.34.jar
[15Dez.2025 20:15:10.902] [main/INFO] [net.neoforged.fml.loading.FMLLoader/]:  - C:/Users/chris/.gradle/caches/modules-2/files-2.1/net.neoforged.fancymodloader/loader/10.0.34/940266c61386e450a76e94b72f06343ab9d3417e/loader-10.0.34.jar
[15Dez.2025 20:15:10.908] [main/DEBUG] [net.neoforged.fml.util.ServiceLoaderUtil/CORE]: Found 0 implementations of GraphicsBootstrapper:
[15Dez.2025 20:15:10.909] [main/INFO] [net.neoforged.fml.loading.ImmediateWindowHandler/]: Loading ImmediateWindowProvider fmlearlywindow
[15Dez.2025 20:15:10.917] [main/DEBUG] [net.neoforged.fml.util.ServiceLoaderUtil/CORE]: Found 1 implementations of ImmediateWindowProvider:
[15Dez.2025 20:15:10.917] [main/DEBUG] [net.neoforged.fml.util.ServiceLoaderUtil/CORE]: 	net.neoforged.fml.earlydisplay.DisplayWindow from C:/Users/chris/.gradle/caches/modules-2/files-2.1/net.neoforged.fancymodloader/earlydisplay/10.0.34/6b03e4ea379214464e918a423421a654ac34ca7/earlydisplay-10.0.34.jar
[15Dez.2025 20:15:10.969] [main/DEBUG] [net.neoforged.fml.earlydisplay.theme.ThemeLoader/]: Loading built-in theme default
[15Dez.2025 20:15:11.511] [ForkJoinPool.commonPool-worker-14/DEBUG] [net.neoforged.fml.util.ServiceLoaderUtil/CORE]: Found 4 implementations of IModFileCandidateLocator:
[15Dez.2025 20:15:11.513] [ForkJoinPool.commonPool-worker-14/DEBUG] [net.neoforged.fml.util.ServiceLoaderUtil/CORE]: 	    1000 - [built-in] net.neoforged.fml.loading.moddiscovery.locators.GameLocator from C:/Users/chris/.gradle/caches/modules-2/files-2.1/net.neoforged.fancymodloader/loader/10.0.34/940266c61386e450a76e94b72f06343ab9d3417e/loader-10.0.34.jar
[15Dez.2025 20:15:11.514] [ForkJoinPool.commonPool-worker-14/DEBUG] [net.neoforged.fml.util.ServiceLoaderUtil/CORE]: 	    1000 - [built-in] net.neoforged.fml.loading.moddiscovery.locators.InDevFolderLocator from C:/Users/chris/.gradle/caches/modules-2/files-2.1/net.neoforged.fancymodloader/loader/10.0.34/940266c61386e450a76e94b72f06343ab9d3417e/loader-10.0.34.jar
[15Dez.2025 20:15:11.514] [ForkJoinPool.commonPool-worker-14/DEBUG] [net.neoforged.fml.util.ServiceLoaderUtil/CORE]: 	    1000 - [built-in] net.neoforged.fml.loading.moddiscovery.locators.InDevJarLocator from C:/Users/chris/.gradle/caches/modules-2/files-2.1/net.neoforged.fancymodloader/loader/10.0.34/940266c61386e450a76e94b72f06343ab9d3417e/loader-10.0.34.jar
[15Dez.2025 20:15:11.515] [ForkJoinPool.commonPool-worker-14/DEBUG] [net.neoforged.fml.util.ServiceLoaderUtil/CORE]: 	       0 - [built-in] net.neoforged.fml.loading.moddiscovery.locators.ModsFolderLocator from C:/Users/chris/.gradle/caches/modules-2/files-2.1/net.neoforged.fancymodloader/loader/10.0.34/940266c61386e450a76e94b72f06343ab9d3417e/loader-10.0.34.jar
[15Dez.2025 20:15:11.520] [ForkJoinPool.commonPool-worker-14/DEBUG] [net.neoforged.fml.util.ServiceLoaderUtil/CORE]: Found 2 implementations of IModFileReader:
[15Dez.2025 20:15:11.520] [ForkJoinPool.commonPool-worker-14/DEBUG] [net.neoforged.fml.util.ServiceLoaderUtil/CORE]: 	       0 - net.neoforged.fml.loading.moddiscovery.readers.JarModsDotTomlModFileReader from C:/Users/chris/.gradle/caches/modules-2/files-2.1/net.neoforged.fancymodloader/loader/10.0.34/940266c61386e450a76e94b72f06343ab9d3417e/loader-10.0.34.jar
[15Dez.2025 20:15:11.521] [ForkJoinPool.commonPool-worker-14/DEBUG] [net.neoforged.fml.util.ServiceLoaderUtil/CORE]: 	   -1000 - net.neoforged.fml.loading.moddiscovery.readers.NestedLibraryModReader from C:/Users/chris/.gradle/caches/modules-2/files-2.1/net.neoforged.fancymodloader/loader/10.0.34/940266c61386e450a76e94b72f06343ab9d3417e/loader-10.0.34.jar
[15Dez.2025 20:15:11.526] [ForkJoinPool.commonPool-worker-14/DEBUG] [net.neoforged.fml.util.ServiceLoaderUtil/CORE]: Found 1 implementations of IDependencyLocator:
[15Dez.2025 20:15:11.526] [ForkJoinPool.commonPool-worker-14/DEBUG] [net.neoforged.fml.util.ServiceLoaderUtil/CORE]: 	       0 - net.neoforged.fml.loading.moddiscovery.locators.JarInJarDependencyLocator from C:/Users/chris/.gradle/caches/modules-2/files-2.1/net.neoforged.fancymodloader/loader/10.0.34/940266c61386e450a76e94b72f06343ab9d3417e/loader-10.0.34.jar
[15Dez.2025 20:15:11.584] [ForkJoinPool.commonPool-worker-14/DEBUG] [net.neoforged.fml.loading.moddiscovery.locators.RequiredSystemFiles/]: Found NeoForge MANIFEST.MF in jar(C:/Users/chris/Desktop/Development/Java/unob/build/moddev/artifacts/neoforge-21.11.6-beta.jar)
[15Dez.2025 20:15:11.587] [ForkJoinPool.commonPool-worker-14/INFO] [net.neoforged.fml.loading.moddiscovery.locators.GameLocator/]: Detected a joined NeoForge and Minecraft configuration. Applying filtering...
[15Dez.2025 20:15:11.754] [ForkJoinPool.commonPool-worker-14/DEBUG] [net.neoforged.fml.loading.moddiscovery.ModFileInfo/LOADING]: Found valid mod file neoforge-21.11.6-beta-client-extra-aka-minecraft-resources.jar with {minecraft} mods - versions {1.21.11}
[15Dez.2025 20:15:11.756] [ForkJoinPool.commonPool-worker-14/DEBUG] [net.neoforged.fml.loading.moddiscovery.ModFile/LOADING]: Loading mod file C:\Users\chris\Desktop\Development\Java\unob\build\moddev\artifacts\neoforge-21.11.6-beta-client-extra-aka-minecraft-resources.jar with languages [LanguageSpec[languageName=minecraft, acceptedVersions=1]]
[15Dez.2025 20:15:11.758] [ForkJoinPool.commonPool-worker-14/DEBUG] [net.neoforged.fml.loading.moddiscovery.ModFileParser/LOADING]: Considering mod file candidate C:\Users\chris\Desktop\Development\Java\unob\build\moddev\artifacts\neoforge-21.11.6-beta.jar
[15Dez.2025 20:15:11.763] [ForkJoinPool.commonPool-worker-14/DEBUG] [net.neoforged.fml.loading.moddiscovery.ModFileInfo/LOADING]: Found valid mod file neoforge-21.11.6-beta.jar with {neoforge} mods - versions {21.11.6-beta}
[15Dez.2025 20:15:11.763] [ForkJoinPool.commonPool-worker-14/DEBUG] [net.neoforged.fml.loading.moddiscovery.ModFile/LOADING]: Loading mod file C:\Users\chris\Desktop\Development\Java\unob\build\moddev\artifacts\neoforge-21.11.6-beta.jar with languages [LanguageSpec[languageName=javafml, acceptedVersions=[3,]]]
[15Dez.2025 20:15:11.772] [ForkJoinPool.commonPool-worker-14/DEBUG] [net.neoforged.fml.loading.moddiscovery.ModFile/LOADING]: Found mixin config MixinConfig[config=neoforge.mixins.json, requiredMods=[], behaviorVersion=null]
[15Dez.2025 20:15:11.775] [ForkJoinPool.commonPool-worker-14/INFO] [net.neoforged.fml.loading.moddiscovery.locators.InDevFolderLocator/CORE]: Got mod coordinates spells_n_squares%%C:\Users\chris\Desktop\Development\Java\unob\build\classes\java\main;spells_n_squares%%C:\Users\chris\Desktop\Development\Java\unob\build\resources\main from env
[15Dez.2025 20:15:11.781] [ForkJoinPool.commonPool-worker-14/DEBUG] [net.neoforged.fml.loading.moddiscovery.ModFileParser/LOADING]: Considering mod file candidate C:\Users\chris\Desktop\Development\Java\unob\build\classes\java\main
[15Dez.2025 20:15:11.789] [ForkJoinPool.commonPool-worker-14/DEBUG] [net.neoforged.fml.loading.moddiscovery.ModFileInfo/LOADING]: Found valid mod file main with {spells_n_squares} mods - versions {1.0-SNAPSHOT}
[15Dez.2025 20:15:11.790] [ForkJoinPool.commonPool-worker-14/DEBUG] [net.neoforged.fml.loading.moddiscovery.ModFile/LOADING]: Loading mod file C:\Users\chris\Desktop\Development\Java\unob\build\classes\java\main with languages [LanguageSpec[languageName=javafml, acceptedVersions=[4,)]]
[15Dez.2025 20:15:11.790] [ForkJoinPool.commonPool-worker-14/DEBUG] [net.neoforged.fml.loading.moddiscovery.ModFile/LOADING]: Found mixin config MixinConfig[config=spells_n_squares.mixins.json, requiredMods=[], behaviorVersion=null]
[15Dez.2025 20:15:11.792] [ForkJoinPool.commonPool-worker-14/DEBUG] [net.neoforged.fml.loading.moddiscovery.ModDiscoverer/]: Skipping C:\Users\chris\Desktop\Development\Java\unob\build\moddev\artifacts\neoforge-21.11.6-beta.jar because it was already located earlier
[15Dez.2025 20:15:11.793] [ForkJoinPool.commonPool-worker-14/DEBUG] [net.neoforged.fml.loading.moddiscovery.ModFileParser/LOADING]: Considering mod file candidate C:\Users\chris\.gradle\caches\modules-2\files-2.1\software.bernie.geckolib\geckolib-neoforge-1.21.11\5.4-alpha-1\2873c41a57e90a11c409c1ba4f92bd1c974f72a3\geckolib-neoforge-1.21.11-5.4-alpha-1.jar
[15Dez.2025 20:15:11.794] [ForkJoinPool.commonPool-worker-14/DEBUG] [net.neoforged.fml.loading.moddiscovery.ModFileInfo/LOADING]: Found valid mod file geckolib-neoforge-1.21.11-5.4-alpha-1.jar with {geckolib} mods - versions {5.4-alpha-1}
[15Dez.2025 20:15:11.794] [ForkJoinPool.commonPool-worker-14/DEBUG] [net.neoforged.fml.loading.moddiscovery.ModFile/LOADING]: Loading mod file C:\Users\chris\.gradle\caches\modules-2\files-2.1\software.bernie.geckolib\geckolib-neoforge-1.21.11\5.4-alpha-1\2873c41a57e90a11c409c1ba4f92bd1c974f72a3\geckolib-neoforge-1.21.11-5.4-alpha-1.jar with languages [LanguageSpec[languageName=javafml, acceptedVersions=[5,)]]
[15Dez.2025 20:15:11.794] [ForkJoinPool.commonPool-worker-14/DEBUG] [net.neoforged.fml.loading.moddiscovery.ModFile/LOADING]: Found mixin config MixinConfig[config=geckolib.mixins.json, requiredMods=[], behaviorVersion=null]
[15Dez.2025 20:15:11.864] [fml-loadingscreen/INFO] [net.neoforged.fml.earlydisplay.render.LoadingScreenRenderer/]: GL info: NVIDIA GeForce RTX 3060 Laptop GPU/PCIe/SSE2 GL version 3.3.0 NVIDIA 581.42, NVIDIA Corporation
[15Dez.2025 20:15:11.954] [ForkJoinPool.commonPool-worker-14/DEBUG] [net.neoforged.fml.loading.moddiscovery.ModFile/LOADING]: Loading mod file C:\Users\chris\Desktop\Development\Java\unob\run\.cache\jij\9c617719248f8b89847348fc7ea5e705739c147ae5e172551264d225bc9f2507\mixinextras-neoforge-0.5.0.jar with languages []
[15Dez.2025 20:15:11.958] [ForkJoinPool.commonPool-worker-14/DEBUG] [net.neoforged.fml.loading.moddiscovery.ModFile/LOADING]: Loading mod file C:\Users\chris\Desktop\Development\Java\unob\run\.cache\jij\54bb3c61f37ced77ba30dc02ca5b2f71ced259612101a8b1325855cff9d9755c\net.neoforged.neoforge-coremods-21.11.6-beta.jar with languages []
[15Dez.2025 20:15:12.019] [ForkJoinPool.commonPool-worker-14/INFO] [net.neoforged.fml.loading.moddiscovery.locators.JarInJarDependencyLocator/]: Found 2 dependencies adding them to mods collection
[15Dez.2025 20:15:12.022] [ForkJoinPool.commonPool-worker-14/INFO] [net.neoforged.fml.loading.moddiscovery.ModDiscoverer/]: 
     Mod List:
		Name Version (Mod Id)

		GeckoLib 5 5.4-alpha-1 (geckolib)
		Minecraft 1.21.11 (minecraft)
		NeoForge 21.11.6-beta (neoforge)
		Spells_n_Squares 1.0-SNAPSHOT (spells_n_squares)
[15Dez.2025 20:15:12.029] [ForkJoinPool.commonPool-worker-14/DEBUG] [net.neoforged.fml.loading.ModSorter/]: Configured system mods: [minecraft, neoforge]
[15Dez.2025 20:15:12.030] [ForkJoinPool.commonPool-worker-14/DEBUG] [net.neoforged.fml.loading.ModSorter/]: Found system mod: minecraft
[15Dez.2025 20:15:12.030] [ForkJoinPool.commonPool-worker-14/DEBUG] [net.neoforged.fml.loading.ModSorter/]: Found system mod: neoforge
[15Dez.2025 20:15:12.033] [ForkJoinPool.commonPool-worker-14/DEBUG] [net.neoforged.fml.loading.ModSorter/LOADING]: Found 4 mod requirements (4 mandatory, 0 optional)
[15Dez.2025 20:15:12.034] [ForkJoinPool.commonPool-worker-14/DEBUG] [net.neoforged.fml.loading.ModSorter/LOADING]: Found 0 mod requirements missing (0 mandatory, 0 optional)
[15Dez.2025 20:15:12.353] [main/INFO] [mixin/]: SpongePowered MIXIN Subsystem Version=0.8.7 Source=file:/C:/Users/chris/.gradle/caches/modules-2/files-2.1/net.fabricmc/sponge-mixin/0.16.5+mixin.0.8.7/80fc3a9f592673cea87f4cd702f87991c6c9fe4d/sponge-mixin-0.16.5+mixin.0.8.7.jar Service=FML Env=CLIENT
[15Dez.2025 20:15:12.384] [main/DEBUG] [mixin/]: Initialising Mixin Platform Manager
[15Dez.2025 20:15:12.384] [main/DEBUG] [mixin/]: Adding mixin platform agents for container ContainerHandleVirtual(fml:18c85)
[15Dez.2025 20:15:12.386] [main/DEBUG] [mixin/]: Instancing new MixinPlatformAgentDefault for ContainerHandleVirtual(fml:18c85)
[15Dez.2025 20:15:12.387] [main/DEBUG] [mixin/]: MixinPlatformAgentDefault accepted container ContainerHandleVirtual(fml:18c85)
[15Dez.2025 20:15:12.387] [main/DEBUG] [mixin/]: Instancing new MixinPlatformAgentDefault for ContainerHandleVirtual(fml:18c85)
[15Dez.2025 20:15:12.387] [main/DEBUG] [mixin/]: MixinPlatformAgentDefault accepted container ContainerHandleVirtual(fml:18c85)
[15Dez.2025 20:15:12.389] [main/DEBUG] [mixin/]: Processing prepare() for PlatformAgent[MixinPlatformAgentDefault:ContainerHandleVirtual(fml:18c85)]
[15Dez.2025 20:15:12.389] [main/DEBUG] [mixin/]: Processing prepare() for PlatformAgent[MixinPlatformAgentDefault:ContainerHandleVirtual(fml:18c85)]
[15Dez.2025 20:15:12.391] [main/INFO] [net.neoforged.fml.loading.FMLLoader/]: Loading FML Plugins:
[15Dez.2025 20:15:12.392] [main/INFO] [net.neoforged.fml.loading.FMLLoader/]:  - C:/Users/chris/Desktop/Development/Java/unob/build/moddev/artifacts/neoforge-21.11.6-beta.jar > net.neoforged.neoforge-coremods-21.11.6-beta.jar
[15Dez.2025 20:15:12.400] [main/DEBUG] [net.neoforged.fml.util.ServiceLoaderUtil/CORE]: Found 2 implementations of IModLanguageLoader:
[15Dez.2025 20:15:12.400] [main/DEBUG] [net.neoforged.fml.util.ServiceLoaderUtil/CORE]: 	net.neoforged.fml.javafmlmod.FMLJavaModLanguageProvider from C:/Users/chris/.gradle/caches/modules-2/files-2.1/net.neoforged.fancymodloader/loader/10.0.34/940266c61386e450a76e94b72f06343ab9d3417e/loader-10.0.34.jar
[15Dez.2025 20:15:12.401] [main/DEBUG] [net.neoforged.fml.util.ServiceLoaderUtil/CORE]: 	net.neoforged.fml.mclanguageprovider.MinecraftModLanguageProvider from C:/Users/chris/.gradle/caches/modules-2/files-2.1/net.neoforged.fancymodloader/loader/10.0.34/940266c61386e450a76e94b72f06343ab9d3417e/loader-10.0.34.jar
[15Dez.2025 20:15:12.403] [main/DEBUG] [net.neoforged.fml.loading.LanguageProviderLoader/CORE]: Found language provider javafml, version 10.0
[15Dez.2025 20:15:12.404] [main/DEBUG] [net.neoforged.fml.loading.LanguageProviderLoader/CORE]: Found language provider minecraft, version 10.0
[15Dez.2025 20:15:12.408] [main/DEBUG] [net.neoforged.fml.loading.FMLLoader/]: Adding Access Transformer META-INF/accesstransformer.cfg in jar(C:/Users/chris/.gradle/caches/modules-2/files-2.1/software.bernie.geckolib/geckolib-neoforge-1.21.11/5.4-alpha-1/2873c41a57e90a11c409c1ba4f92bd1c974f72a3/geckolib-neoforge-1.21.11-5.4-alpha-1.jar)
[15Dez.2025 20:15:12.424] [main/DEBUG] [net.neoforged.fml.loading.FMLLoader/]: Adding Access Transformer META-INF/accesstransformer.cfg in composite(filtered(jar(C:/Users/chris/Desktop/Development/Java/unob/build/moddev/artifacts/neoforge-21.11.6-beta.jar)))
[15Dez.2025 20:15:12.443] [main/DEBUG] [net.neoforged.fml.loading.FMLLoader/]: Adding Access Transformer META-INF/accesstransformergenerated.cfg in composite(filtered(jar(C:/Users/chris/Desktop/Development/Java/unob/build/moddev/artifacts/neoforge-21.11.6-beta.jar)))
[15Dez.2025 20:15:12.470] [main/DEBUG] [net.neoforged.fml.util.ServiceLoaderUtil/CORE]: Found 5 implementations of ClassProcessor:
[15Dez.2025 20:15:12.470] [main/DEBUG] [net.neoforged.fml.util.ServiceLoaderUtil/CORE]: 	[built-in] net.neoforged.fml.common.asm.AccessTransformerService from C:/Users/chris/.gradle/caches/modules-2/files-2.1/net.neoforged.fancymodloader/loader/10.0.34/940266c61386e450a76e94b72f06343ab9d3417e/loader-10.0.34.jar
[15Dez.2025 20:15:12.471] [main/DEBUG] [net.neoforged.fml.util.ServiceLoaderUtil/CORE]: 	[built-in] net.neoforged.fml.common.asm.enumextension.RuntimeEnumExtender from C:/Users/chris/.gradle/caches/modules-2/files-2.1/net.neoforged.fancymodloader/loader/10.0.34/940266c61386e450a76e94b72f06343ab9d3417e/loader-10.0.34.jar
[15Dez.2025 20:15:12.471] [main/DEBUG] [net.neoforged.fml.util.ServiceLoaderUtil/CORE]: 	[built-in] net.neoforged.fml.common.asm.SimpleProcessorsGroup from C:/Users/chris/.gradle/caches/modules-2/files-2.1/net.neoforged.fancymodloader/loader/10.0.34/940266c61386e450a76e94b72f06343ab9d3417e/loader-10.0.34.jar
[15Dez.2025 20:15:12.471] [main/DEBUG] [net.neoforged.fml.util.ServiceLoaderUtil/CORE]: 	[built-in] net.neoforged.fml.loading.moddiscovery.locators.NeoForgeDevDistCleaner from C:/Users/chris/.gradle/caches/modules-2/files-2.1/net.neoforged.fancymodloader/loader/10.0.34/940266c61386e450a76e94b72f06343ab9d3417e/loader-10.0.34.jar
[15Dez.2025 20:15:12.472] [main/DEBUG] [net.neoforged.fml.util.ServiceLoaderUtil/CORE]: 	[built-in] net.neoforged.fml.loading.mixin.FMLMixinClassProcessor from C:/Users/chris/.gradle/caches/modules-2/files-2.1/net.neoforged.fancymodloader/loader/10.0.34/940266c61386e450a76e94b72f06343ab9d3417e/loader-10.0.34.jar
[15Dez.2025 20:15:12.475] [main/DEBUG] [net.neoforged.fml.util.ServiceLoaderUtil/CORE]: Found 1 implementations of ClassProcessorProvider:
[15Dez.2025 20:15:12.476] [main/DEBUG] [net.neoforged.fml.util.ServiceLoaderUtil/CORE]: 	net.neoforged.neoforge.coremods.NeoForgeCoreMod from C:/Users/chris/Desktop/Development/Java/unob/build/moddev/artifacts/neoforge-21.11.6-beta.jar > net.neoforged.neoforge-coremods-21.11.6-beta.jar
[15Dez.2025 20:15:12.516] [main/DEBUG] [net.neoforged.fml.loading.FMLLoader/]: Masking classpath elements: [C:/Users/chris/Desktop/Development/Java/unob/build/classes/java/main, C:/Users/chris/.gradle/caches/modules-2/files-2.1/software.bernie.geckolib/geckolib-neoforge-1.21.11/5.4-alpha-1/2873c41a57e90a11c409c1ba4f92bd1c974f72a3/geckolib-neoforge-1.21.11-5.4-alpha-1.jar, C:/Users/chris/Desktop/Development/Java/unob/build/resources/main, C:/Users/chris/Desktop/Development/Java/unob/build/moddev/artifacts/neoforge-21.11.6-beta.jar, C:/Users/chris/Desktop/Development/Java/unob/build/moddev/artifacts/neoforge-21.11.6-beta-client-extra-aka-minecraft-resources.jar]
[15Dez.2025 20:15:12.544] [main/INFO] [net.neoforged.fml.loading.FMLLoader/]: Building game content classloader:
 - geckolib (jar(C:/Users/chris/.gradle/caches/modules-2/files-2.1/software.bernie.geckolib/geckolib-neoforge-1.21.11/5.4-alpha-1/2873c41a57e90a11c409c1ba4f92bd1c974f72a3/geckolib-neoforge-1.21.11-5.4-alpha-1.jar))
 - minecraft (composite(jar(C:/Users/chris/Desktop/Development/Java/unob/build/moddev/artifacts/neoforge-21.11.6-beta-client-extra-aka-minecraft-resources.jar), filtered(jar(C:/Users/chris/Desktop/Development/Java/unob/build/moddev/artifacts/neoforge-21.11.6-beta.jar))))
 - mixinextras.neoforge (jar(C:/Users/chris/Desktop/Development/Java/unob/build/moddev/artifacts/neoforge-21.11.6-beta.jar > mixinextras-neoforge-0.5.0.jar))
 - neoforge (composite(filtered(jar(C:/Users/chris/Desktop/Development/Java/unob/build/moddev/artifacts/neoforge-21.11.6-beta.jar))))
 - net.neoforged.fml.generated (empty(VirtualJar/net.neoforged.fml.generated))
 - spells_n_squares (composite(folder(C:/Users/chris/Desktop/Development/Java/unob/build/classes/java/main), folder(C:/Users/chris/Desktop/Development/Java/unob/build/resources/main)))
[15Dez.2025 20:15:12.563] [main/INFO] [net.neoforged.fml.loading.FMLLoader/]: Built game content classloader in 46ms
[15Dez.2025 20:15:12.636] [main/DEBUG] [mixin/]: Compatibility level JAVA_17 specified by geckolib.mixins.json is lower than the default level supported by the current mixin service (JAVA_21).
[15Dez.2025 20:15:12.636] [main/DEBUG] [mixin/]: Compatibility level JAVA_17 specified by geckolib.mixins.json is higher than the maximum level supported by this version of mixin (JAVA_13).
[15Dez.2025 20:15:12.642] [main/DEBUG] [mixin/]: Processing launch tasks for PlatformAgent[MixinPlatformAgentDefault:ContainerHandleVirtual(fml:18c85)]
[15Dez.2025 20:15:12.642] [main/DEBUG] [mixin/]: Processing launch tasks for PlatformAgent[MixinPlatformAgentDefault:ContainerHandleVirtual(fml:18c85)]
[15Dez.2025 20:15:12.643] [main/DEBUG] [mixin/]: Adding agents for Mixin Container composite(filtered(jar(C:/Users/chris/Desktop/Development/Java/unob/build/moddev/artifacts/neoforge-21.11.6-beta.jar))) > jar(C:/Users/chris/Desktop/Development/Java/unob/build/moddev/artifacts/neoforge-21.11.6-beta.jar > net.neoforged.neoforge-coremods-21.11.6-beta.jar)
[15Dez.2025 20:15:12.643] [main/DEBUG] [mixin/]: Adding mixin platform agents for container composite(filtered(jar(C:/Users/chris/Desktop/Development/Java/unob/build/moddev/artifacts/neoforge-21.11.6-beta.jar))) > jar(C:/Users/chris/Desktop/Development/Java/unob/build/moddev/artifacts/neoforge-21.11.6-beta.jar > net.neoforged.neoforge-coremods-21.11.6-beta.jar)
[15Dez.2025 20:15:12.644] [main/DEBUG] [mixin/]: Instancing new MixinPlatformAgentDefault for composite(filtered(jar(C:/Users/chris/Desktop/Development/Java/unob/build/moddev/artifacts/neoforge-21.11.6-beta.jar))) > jar(C:/Users/chris/Desktop/Development/Java/unob/build/moddev/artifacts/neoforge-21.11.6-beta.jar > net.neoforged.neoforge-coremods-21.11.6-beta.jar)
[15Dez.2025 20:15:12.644] [main/DEBUG] [mixin/]: MixinPlatformAgentDefault accepted container composite(filtered(jar(C:/Users/chris/Desktop/Development/Java/unob/build/moddev/artifacts/neoforge-21.11.6-beta.jar))) > jar(C:/Users/chris/Desktop/Development/Java/unob/build/moddev/artifacts/neoforge-21.11.6-beta.jar > net.neoforged.neoforge-coremods-21.11.6-beta.jar)
[15Dez.2025 20:15:12.644] [main/DEBUG] [mixin/]: Instancing new MixinPlatformAgentDefault for composite(filtered(jar(C:/Users/chris/Desktop/Development/Java/unob/build/moddev/artifacts/neoforge-21.11.6-beta.jar))) > jar(C:/Users/chris/Desktop/Development/Java/unob/build/moddev/artifacts/neoforge-21.11.6-beta.jar > net.neoforged.neoforge-coremods-21.11.6-beta.jar)
[15Dez.2025 20:15:12.644] [main/DEBUG] [mixin/]: MixinPlatformAgentDefault accepted container composite(filtered(jar(C:/Users/chris/Desktop/Development/Java/unob/build/moddev/artifacts/neoforge-21.11.6-beta.jar))) > jar(C:/Users/chris/Desktop/Development/Java/unob/build/moddev/artifacts/neoforge-21.11.6-beta.jar > net.neoforged.neoforge-coremods-21.11.6-beta.jar)
[15Dez.2025 20:15:12.645] [main/DEBUG] [mixin/]: Processing prepare() for PlatformAgent[MixinPlatformAgentDefault:composite(filtered(jar(C:/Users/chris/Desktop/Development/Java/unob/build/moddev/artifacts/neoforge-21.11.6-beta.jar))) > jar(C:/Users/chris/Desktop/Development/Java/unob/build/moddev/artifacts/neoforge-21.11.6-beta.jar > net.neoforged.neoforge-coremods-21.11.6-beta.jar)]
[15Dez.2025 20:15:12.645] [main/DEBUG] [mixin/]: Processing prepare() for PlatformAgent[MixinPlatformAgentDefault:composite(filtered(jar(C:/Users/chris/Desktop/Development/Java/unob/build/moddev/artifacts/neoforge-21.11.6-beta.jar))) > jar(C:/Users/chris/Desktop/Development/Java/unob/build/moddev/artifacts/neoforge-21.11.6-beta.jar > net.neoforged.neoforge-coremods-21.11.6-beta.jar)]
[15Dez.2025 20:15:12.645] [main/DEBUG] [mixin/]: Adding agents for Mixin Container composite(filtered(jar(C:/Users/chris/Desktop/Development/Java/unob/build/moddev/artifacts/neoforge-21.11.6-beta.jar))) > jar(C:/Users/chris/Desktop/Development/Java/unob/build/moddev/artifacts/neoforge-21.11.6-beta.jar > mixinextras-neoforge-0.5.0.jar)
[15Dez.2025 20:15:12.645] [main/DEBUG] [mixin/]: Adding mixin platform agents for container composite(filtered(jar(C:/Users/chris/Desktop/Development/Java/unob/build/moddev/artifacts/neoforge-21.11.6-beta.jar))) > jar(C:/Users/chris/Desktop/Development/Java/unob/build/moddev/artifacts/neoforge-21.11.6-beta.jar > mixinextras-neoforge-0.5.0.jar)
[15Dez.2025 20:15:12.646] [main/DEBUG] [mixin/]: Instancing new MixinPlatformAgentDefault for composite(filtered(jar(C:/Users/chris/Desktop/Development/Java/unob/build/moddev/artifacts/neoforge-21.11.6-beta.jar))) > jar(C:/Users/chris/Desktop/Development/Java/unob/build/moddev/artifacts/neoforge-21.11.6-beta.jar > mixinextras-neoforge-0.5.0.jar)
[15Dez.2025 20:15:12.646] [main/DEBUG] [mixin/]: MixinPlatformAgentDefault accepted container composite(filtered(jar(C:/Users/chris/Desktop/Development/Java/unob/build/moddev/artifacts/neoforge-21.11.6-beta.jar))) > jar(C:/Users/chris/Desktop/Development/Java/unob/build/moddev/artifacts/neoforge-21.11.6-beta.jar > mixinextras-neoforge-0.5.0.jar)
[15Dez.2025 20:15:12.646] [main/DEBUG] [mixin/]: Instancing new MixinPlatformAgentDefault for composite(filtered(jar(C:/Users/chris/Desktop/Development/Java/unob/build/moddev/artifacts/neoforge-21.11.6-beta.jar))) > jar(C:/Users/chris/Desktop/Development/Java/unob/build/moddev/artifacts/neoforge-21.11.6-beta.jar > mixinextras-neoforge-0.5.0.jar)
[15Dez.2025 20:15:12.646] [main/DEBUG] [mixin/]: MixinPlatformAgentDefault accepted container composite(filtered(jar(C:/Users/chris/Desktop/Development/Java/unob/build/moddev/artifacts/neoforge-21.11.6-beta.jar))) > jar(C:/Users/chris/Desktop/Development/Java/unob/build/moddev/artifacts/neoforge-21.11.6-beta.jar > mixinextras-neoforge-0.5.0.jar)
[15Dez.2025 20:15:12.646] [main/DEBUG] [mixin/]: Processing prepare() for PlatformAgent[MixinPlatformAgentDefault:composite(filtered(jar(C:/Users/chris/Desktop/Development/Java/unob/build/moddev/artifacts/neoforge-21.11.6-beta.jar))) > jar(C:/Users/chris/Desktop/Development/Java/unob/build/moddev/artifacts/neoforge-21.11.6-beta.jar > mixinextras-neoforge-0.5.0.jar)]
[15Dez.2025 20:15:12.646] [main/DEBUG] [mixin/]: Registering mixin config: mixinextras.init.mixins.json source=composite(filtered(jar(C:/Users/chris/Desktop/Development/Java/unob/build/moddev/artifacts/neoforge-21.11.6-beta.jar))) > jar(C:/Users/chris/Desktop/Development/Java/unob/build/moddev/artifacts/neoforge-21.11.6-beta.jar > mixinextras-neoforge-0.5.0.jar)
[15Dez.2025 20:15:12.650] [main/DEBUG] [mixin/]: Processing prepare() for PlatformAgent[MixinPlatformAgentDefault:composite(filtered(jar(C:/Users/chris/Desktop/Development/Java/unob/build/moddev/artifacts/neoforge-21.11.6-beta.jar))) > jar(C:/Users/chris/Desktop/Development/Java/unob/build/moddev/artifacts/neoforge-21.11.6-beta.jar > mixinextras-neoforge-0.5.0.jar)]
[15Dez.2025 20:15:12.651] [main/DEBUG] [mixin/]: Registering mixin config: mixinextras.init.mixins.json source=composite(filtered(jar(C:/Users/chris/Desktop/Development/Java/unob/build/moddev/artifacts/neoforge-21.11.6-beta.jar))) > jar(C:/Users/chris/Desktop/Development/Java/unob/build/moddev/artifacts/neoforge-21.11.6-beta.jar > mixinextras-neoforge-0.5.0.jar)
[15Dez.2025 20:15:12.651] [main/DEBUG] [mixin/]: inject() running with 3 agents
[15Dez.2025 20:15:12.651] [main/DEBUG] [mixin/]: Processing inject() for PlatformAgent[MixinPlatformAgentDefault:ContainerHandleVirtual(fml:18c85)]
[15Dez.2025 20:15:12.652] [main/DEBUG] [mixin/]: Processing inject() for PlatformAgent[MixinPlatformAgentDefault:ContainerHandleVirtual(fml:18c85)]
[15Dez.2025 20:15:12.652] [main/DEBUG] [mixin/]: Processing inject() for PlatformAgent[MixinPlatformAgentDefault:composite(filtered(jar(C:/Users/chris/Desktop/Development/Java/unob/build/moddev/artifacts/neoforge-21.11.6-beta.jar))) > jar(C:/Users/chris/Desktop/Development/Java/unob/build/moddev/artifacts/neoforge-21.11.6-beta.jar > net.neoforged.neoforge-coremods-21.11.6-beta.jar)]
[15Dez.2025 20:15:12.652] [main/DEBUG] [mixin/]: Processing inject() for PlatformAgent[MixinPlatformAgentDefault:composite(filtered(jar(C:/Users/chris/Desktop/Development/Java/unob/build/moddev/artifacts/neoforge-21.11.6-beta.jar))) > jar(C:/Users/chris/Desktop/Development/Java/unob/build/moddev/artifacts/neoforge-21.11.6-beta.jar > net.neoforged.neoforge-coremods-21.11.6-beta.jar)]
[15Dez.2025 20:15:12.653] [main/DEBUG] [mixin/]: Processing inject() for PlatformAgent[MixinPlatformAgentDefault:composite(filtered(jar(C:/Users/chris/Desktop/Development/Java/unob/build/moddev/artifacts/neoforge-21.11.6-beta.jar))) > jar(C:/Users/chris/Desktop/Development/Java/unob/build/moddev/artifacts/neoforge-21.11.6-beta.jar > mixinextras-neoforge-0.5.0.jar)]
[15Dez.2025 20:15:12.653] [main/DEBUG] [mixin/]: Processing inject() for PlatformAgent[MixinPlatformAgentDefault:composite(filtered(jar(C:/Users/chris/Desktop/Development/Java/unob/build/moddev/artifacts/neoforge-21.11.6-beta.jar))) > jar(C:/Users/chris/Desktop/Development/Java/unob/build/moddev/artifacts/neoforge-21.11.6-beta.jar > mixinextras-neoforge-0.5.0.jar)]
[15Dez.2025 20:15:12.661] [main/DEBUG] [mixin/]: Preparing mixins for MixinEnvironment[DEFAULT]
[15Dez.2025 20:15:12.661] [main/DEBUG] [mixin/]: Selecting config spells_n_squares.mixins.json
[15Dez.2025 20:15:12.670] [main/DEBUG] [mixin/]: Selecting config geckolib.mixins.json
[15Dez.2025 20:15:12.671] [main/WARN] [mixin/]: Reference map 'geckolib.refmap.json' for geckolib.mixins.json could not be read. If this is a development environment you can ignore this message
[15Dez.2025 20:15:12.671] [main/DEBUG] [mixin/]: Selecting config neoforge.mixins.json
[15Dez.2025 20:15:12.672] [main/DEBUG] [mixin/]: Selecting config mixinextras.init.mixins.json
[15Dez.2025 20:15:12.737] [main/DEBUG] [MixinExtras|Service/]: com.llamalad7.mixinextras.service.MixinExtrasServiceImpl(version=0.5.0) is taking over from null
[15Dez.2025 20:15:12.800] [main/DEBUG] [mixin/]: Registering new injector for @Inject with org.spongepowered.asm.mixin.injection.struct.CallbackInjectionInfo
[15Dez.2025 20:15:12.804] [main/DEBUG] [mixin/]: Registering new injector for @ModifyArg with org.spongepowered.asm.mixin.injection.struct.ModifyArgInjectionInfo
[15Dez.2025 20:15:12.806] [main/DEBUG] [mixin/]: Registering new injector for @ModifyArgs with org.spongepowered.asm.mixin.injection.struct.ModifyArgsInjectionInfo
[15Dez.2025 20:15:12.810] [main/DEBUG] [mixin/]: Registering new injector for @Redirect with org.spongepowered.asm.mixin.injection.struct.RedirectInjectionInfo
[15Dez.2025 20:15:12.813] [main/DEBUG] [mixin/]: Registering new injector for @ModifyVariable with org.spongepowered.asm.mixin.injection.struct.ModifyVariableInjectionInfo
[15Dez.2025 20:15:12.816] [main/DEBUG] [mixin/]: Registering new injector for @ModifyConstant with org.spongepowered.asm.mixin.injection.struct.ModifyConstantInjectionInfo
[15Dez.2025 20:15:12.833] [main/DEBUG] [mixin/]: Preparing spells_n_squares.mixins.json (0)
[15Dez.2025 20:15:12.834] [main/DEBUG] [mixin/]: Preparing geckolib.mixins.json (12)
[15Dez.2025 20:15:13.016] [main/DEBUG] [mixin/]: Preparing neoforge.mixins.json (2)
[15Dez.2025 20:15:13.027] [main/DEBUG] [mixin/]: Preparing mixinextras.init.mixins.json (0)
[15Dez.2025 20:15:13.038] [main/WARN] [mixin/]: Error loading class: org/jetbrains/annotations/ApiStatus$Internal (java.lang.ClassNotFoundException: org.jetbrains.annotations.ApiStatus$Internal)
[15Dez.2025 20:15:13.041] [main/WARN] [mixin/]: Error loading class: org/jetbrains/annotations/ApiStatus$Internal (java.lang.ClassNotFoundException: org.jetbrains.annotations.ApiStatus$Internal)
[15Dez.2025 20:15:13.051] [main/DEBUG] [mixin/]: Prepared 14 mixins in 0,387 sec (27,6ms avg) (0ms load, 0ms transform, 0ms plugin)
[15Dez.2025 20:15:13.365] [main/DEBUG] [io.netty.util.internal.logging.InternalLoggerFactory/]: Using SLF4J as the default logging framework
[15Dez.2025 20:15:13.368] [main/DEBUG] [io.netty.util.ResourceLeakDetector/]: -Dio.netty.leakDetection.level: simple
[15Dez.2025 20:15:13.368] [main/DEBUG] [io.netty.util.ResourceLeakDetector/]: -Dio.netty.leakDetection.targetRecords: 4
[15Dez.2025 20:15:14.442] [Datafixer Bootstrap/INFO] [com.mojang.datafixers.DataFixerBuilder/]: 290 Datafixer optimizations took 467 milliseconds
[15Dez.2025 20:15:14.615] [pool-9-thread-1/INFO] [MixinExtras|Service/]: Initializing MixinExtras via com.llamalad7.mixinextras.service.MixinExtrasServiceImpl(version=0.5.0).
[15Dez.2025 20:15:14.617] [pool-9-thread-1/DEBUG] [mixin/]: Registering new injector for @SugarWrapper with com.llamalad7.mixinextras.sugar.impl.SugarWrapperInjectionInfo
[15Dez.2025 20:15:14.618] [pool-9-thread-1/DEBUG] [mixin/]: Registering new injector for @FactoryRedirectWrapper with com.llamalad7.mixinextras.wrapper.factory.FactoryRedirectWrapperInjectionInfo
[15Dez.2025 20:15:14.618] [pool-9-thread-1/DEBUG] [mixin/]: Registering new injector for @ExpressionInjectorWrapper with com.llamalad7.mixinextras.expression.impl.wrapper.ExpressionInjectorWrapperInjectionInfo
[15Dez.2025 20:15:14.631] [pool-9-thread-1/DEBUG] [mixin/]: Mixing MappedRegistryAccessor from neoforge.mixins.json into net.minecraft.core.MappedRegistry
[15Dez.2025 20:15:14.821] [pool-9-thread-1/DEBUG] [mixin/]: Mixing common.LivingEntityMixin from geckolib.mixins.json into net.minecraft.world.entity.LivingEntity
[15Dez.2025 20:15:14.848] [pool-9-thread-1/DEBUG] [mixin/]: geckolib.mixins.json:common.LivingEntityMixin from mod geckolib: Class version 65 required is higher than the class version supported by the current version of Mixin (JAVA_17 supports class version 61)
[15Dez.2025 20:15:15.745] [pool-9-thread-1/DEBUG] [mixin/]: Mixing BlockEntityTypeAccessor from neoforge.mixins.json into net.minecraft.world.level.block.entity.BlockEntityType
[15Dez.2025 20:15:15.778] [pool-9-thread-1/DEBUG] [mixin/]: Mixing common.AbstractContainerMenuMixin from geckolib.mixins.json into net.minecraft.world.inventory.AbstractContainerMenu
[15Dez.2025 20:15:15.779] [pool-9-thread-1/DEBUG] [mixin/]: geckolib.mixins.json:common.AbstractContainerMenuMixin from mod geckolib: Class version 65 required is higher than the class version supported by the current version of Mixin (JAVA_17 supports class version 61)
[15Dez.2025 20:15:16.053] [pool-9-thread-1/DEBUG] [mixin/]: Mixing common.ItemStackMixin from geckolib.mixins.json into net.minecraft.world.item.ItemStack
[15Dez.2025 20:15:16.054] [pool-9-thread-1/DEBUG] [mixin/]: geckolib.mixins.json:common.ItemStackMixin from mod geckolib: Class version 65 required is higher than the class version supported by the current version of Mixin (JAVA_17 supports class version 61)
[15Dez.2025 20:15:21.039] [main/WARN] [net.minecraft.commands.Commands/]: Ambiguity between arguments [teleport, location] and [teleport, destination] with inputs: [0.1 -0.5 .9, 0 0 0]
[15Dez.2025 20:15:21.040] [main/WARN] [net.minecraft.commands.Commands/]: Ambiguity between arguments [teleport, location] and [teleport, targets] with inputs: [0.1 -0.5 .9, 0 0 0]
[15Dez.2025 20:15:21.045] [main/WARN] [net.minecraft.commands.Commands/]: Ambiguity between arguments [teleport, destination] and [teleport, targets] with inputs: [Player, 0123, @e, dd12be42-52a9-4a91-a8a1-11c01849e498]
[15Dez.2025 20:15:21.047] [main/WARN] [net.minecraft.commands.Commands/]: Ambiguity between arguments [teleport, targets] and [teleport, destination] with inputs: [Player, 0123, dd12be42-52a9-4a91-a8a1-11c01849e498]
[15Dez.2025 20:15:21.048] [main/WARN] [net.minecraft.commands.Commands/]: Ambiguity between arguments [teleport, targets, location] and [teleport, targets, destination] with inputs: [0.1 -0.5 .9, 0 0 0]
[15Dez.2025 20:15:21.052] [main/WARN] [net.minecraft.commands.Commands/]: Ambiguity between arguments [waypoint, modify, waypoint, color, reset] and [waypoint, modify, waypoint, color, color] with inputs: [reset]
[15Dez.2025 20:15:21.085] [main/DEBUG] [net.neoforged.fml.ModWorkManager/LOADING]: Using 16 threads for parallel mod-loading
[15Dez.2025 20:15:21.105] [main/DEBUG] [net.neoforged.fml.javafmlmod.FMLModContainer/LOADING]: Creating FMLModContainer instance for spells_n_squares with entrypoints [at.koopro.spells_n_squares.SpellsNSquares]
[15Dez.2025 20:15:21.110] [main/DEBUG] [net.neoforged.fml.javafmlmod.FMLModContainer/LOADING]: Creating FMLModContainer instance for geckolib with entrypoints [software.bernie.geckolib.GeckoLib]
[15Dez.2025 20:15:21.113] [main/DEBUG] [net.neoforged.fml.javafmlmod.FMLModContainer/LOADING]: Creating FMLModContainer instance for neoforge with entrypoints [net.neoforged.neoforge.common.NeoForgeMod, net.neoforged.neoforge.common.OnlyInWarningsHandler, net.neoforged.neoforge.client.ClientNeoForgeMod]
[15Dez.2025 20:15:21.147] [modloading-worker-0/DEBUG] [GeckoLib/]: Loaded software.bernie.geckolib.platform.GeckoLibNeoForge@5a9288e7 for service interface software.bernie.geckolib.service.GeckoLibPlatform
[15Dez.2025 20:15:21.148] [modloading-worker-0/DEBUG] [GeckoLib/]: Loaded software.bernie.geckolib.network.GeckoLibNetworkingNeoForge@1795f24f for service interface software.bernie.geckolib.service.GeckoLibNetworking
[15Dez.2025 20:15:21.148] [modloading-worker-0/DEBUG] [net.neoforged.fml.javafmlmod.AutomaticEventSubscriber/LOADING]: Attempting to inject @EventBusSubscriber classes into the eventbus for geckolib
[15Dez.2025 20:15:21.148] [modloading-worker-0/INFO] [net.neoforged.neoforge.common.NeoForgeMod/NEOFORGE-MOD]: NeoForge mod loading, version 21.11.6-beta, for MC 1.21.11
[15Dez.2025 20:15:21.149] [modloading-worker-0/DEBUG] [net.neoforged.fml.javafmlmod.AutomaticEventSubscriber/LOADING]: Scanning class software.bernie.geckolib.GeckoLibClient for @SubscribeEvent-annotated methods
[15Dez.2025 20:15:21.152] [modloading-worker-0/DEBUG] [net.neoforged.fml.javafmlmod.AutomaticEventSubscriber/LOADING]: Subscribing method public static void software.bernie.geckolib.GeckoLibClient.registerReloadListeners(net.neoforged.neoforge.client.event.AddClientReloadListenersEvent) to the event bus of mod geckolib
[15Dez.2025 20:15:21.166] [modloading-worker-0/DEBUG] [net.neoforged.fml.ModContainer/]: Attempted to register an empty config for type COMMON on mod spells_n_squares
[15Dez.2025 20:15:21.167] [modloading-worker-0/DEBUG] [net.neoforged.fml.javafmlmod.AutomaticEventSubscriber/LOADING]: Attempting to inject @EventBusSubscriber classes into the eventbus for spells_n_squares
[15Dez.2025 20:15:21.167] [modloading-worker-0/DEBUG] [net.neoforged.fml.javafmlmod.AutomaticEventSubscriber/LOADING]: Scanning class at.koopro.spells_n_squares.client.InvisibilityCloakRenderer for @SubscribeEvent-annotated methods
[15Dez.2025 20:15:21.168] [modloading-worker-0/DEBUG] [net.neoforged.fml.javafmlmod.AutomaticEventSubscriber/LOADING]: Scanning class at.koopro.spells_n_squares.client.ModKeybinds for @SubscribeEvent-annotated methods
[15Dez.2025 20:15:21.172] [modloading-worker-0/DEBUG] [net.neoforged.fml.javafmlmod.AutomaticEventSubscriber/LOADING]: Subscribing method public static void at.koopro.spells_n_squares.client.ModKeybinds.registerKeyMappings(net.neoforged.neoforge.client.event.RegisterKeyMappingsEvent) to the event bus of mod spells_n_squares
[15Dez.2025 20:15:21.174] [modloading-worker-0/DEBUG] [net.neoforged.fml.javafmlmod.AutomaticEventSubscriber/LOADING]: Scanning class at.koopro.spells_n_squares.features.cloak.InvisibilityCloakHandler for @SubscribeEvent-annotated methods
[15Dez.2025 20:15:21.175] [modloading-worker-0/DEBUG] [net.neoforged.fml.javafmlmod.AutomaticEventSubscriber/LOADING]: Subscribing method public static void at.koopro.spells_n_squares.features.cloak.InvisibilityCloakHandler.onPlayerTick(net.neoforged.neoforge.event.tick.PlayerTickEvent$Post) to the game event bus
[15Dez.2025 20:15:21.175] [modloading-worker-0/DEBUG] [net.neoforged.fml.config.ConfigTracker/CONFIG]: Config file neoforge-server.toml for neoforge tracking
[15Dez.2025 20:15:21.176] [modloading-worker-0/DEBUG] [net.neoforged.fml.javafmlmod.AutomaticEventSubscriber/LOADING]: Scanning class at.koopro.spells_n_squares.features.cloak.InvisibilityCloakRenderer for @SubscribeEvent-annotated methods
[15Dez.2025 20:15:21.177] [modloading-worker-0/DEBUG] [net.neoforged.fml.javafmlmod.AutomaticEventSubscriber/LOADING]: Scanning class at.koopro.spells_n_squares.features.flashlight.FlashlightLightHandler for @SubscribeEvent-annotated methods
[15Dez.2025 20:15:21.178] [modloading-worker-0/DEBUG] [net.neoforged.fml.config.ConfigTracker/CONFIG]: Config file neoforge-common.toml for neoforge tracking
[15Dez.2025 20:15:21.188] [modloading-worker-0/DEBUG] [net.neoforged.fml.javafmlmod.AutomaticEventSubscriber/LOADING]: Subscribing method public static void at.koopro.spells_n_squares.features.flashlight.FlashlightLightHandler.onClientTick(net.neoforged.neoforge.client.event.ClientTickEvent$Post) to the game event bus
[15Dez.2025 20:15:21.188] [modloading-worker-0/DEBUG] [net.neoforged.fml.javafmlmod.AutomaticEventSubscriber/LOADING]: Scanning class at.koopro.spells_n_squares.features.flashlight.FlashlightShaderHandler for @SubscribeEvent-annotated methods
[15Dez.2025 20:15:21.191] [modloading-worker-0/DEBUG] [net.neoforged.fml.javafmlmod.AutomaticEventSubscriber/LOADING]: Subscribing method public static void at.koopro.spells_n_squares.features.flashlight.FlashlightShaderHandler.onRenderGui(net.neoforged.neoforge.client.event.RenderGuiEvent$Post) to the game event bus
[15Dez.2025 20:15:21.192] [modloading-worker-0/DEBUG] [net.neoforged.fml.javafmlmod.AutomaticEventSubscriber/LOADING]: Scanning class at.koopro.spells_n_squares.features.playerclass.PlayerClassHandler for @SubscribeEvent-annotated methods
[15Dez.2025 20:15:21.193] [modloading-worker-0/DEBUG] [net.neoforged.fml.javafmlmod.AutomaticEventSubscriber/LOADING]: Subscribing method public static void at.koopro.spells_n_squares.features.playerclass.PlayerClassHandler.onPlayerLoggedIn(net.neoforged.neoforge.event.entity.player.PlayerEvent$PlayerLoggedInEvent) to the game event bus
[15Dez.2025 20:15:21.194] [modloading-worker-0/DEBUG] [net.neoforged.fml.javafmlmod.AutomaticEventSubscriber/LOADING]: Subscribing method public static void at.koopro.spells_n_squares.features.playerclass.PlayerClassHandler.onPlayerLoggedOut(net.neoforged.neoforge.event.entity.player.PlayerEvent$PlayerLoggedOutEvent) to the game event bus
[15Dez.2025 20:15:21.194] [modloading-worker-0/DEBUG] [net.neoforged.fml.javafmlmod.AutomaticEventSubscriber/LOADING]: Scanning class at.koopro.spells_n_squares.features.spell.client.LumosLightHandler for @SubscribeEvent-annotated methods
[15Dez.2025 20:15:21.195] [modloading-worker-0/DEBUG] [net.neoforged.fml.javafmlmod.AutomaticEventSubscriber/LOADING]: Subscribing method public static void at.koopro.spells_n_squares.features.spell.client.LumosLightHandler.onClientTick(net.neoforged.neoforge.client.event.ClientTickEvent$Post) to the game event bus
[15Dez.2025 20:15:21.195] [modloading-worker-0/DEBUG] [net.neoforged.fml.javafmlmod.AutomaticEventSubscriber/LOADING]: Scanning class at.koopro.spells_n_squares.features.spell.client.SpellSelectorHUD for @SubscribeEvent-annotated methods
[15Dez.2025 20:15:21.204] [modloading-worker-0/DEBUG] [net.neoforged.fml.javafmlmod.AutomaticEventSubscriber/LOADING]: Subscribing method public static void at.koopro.spells_n_squares.features.spell.client.SpellSelectorHUD.onRenderGuiLayer(net.neoforged.neoforge.client.event.RenderGuiLayerEvent$Post) to the game event bus
[15Dez.2025 20:15:21.205] [modloading-worker-0/DEBUG] [net.neoforged.fml.javafmlmod.AutomaticEventSubscriber/LOADING]: Subscribing method public static void at.koopro.spells_n_squares.features.spell.client.SpellSelectorHUD.onClientTick(net.neoforged.neoforge.client.event.ClientTickEvent$Post) to the game event bus
[15Dez.2025 20:15:21.205] [modloading-worker-0/DEBUG] [net.neoforged.fml.javafmlmod.AutomaticEventSubscriber/LOADING]: Scanning class at.koopro.spells_n_squares.features.spell.ShieldProjectileHandler for @SubscribeEvent-annotated methods
[15Dez.2025 20:15:21.207] [modloading-worker-0/DEBUG] [net.neoforged.fml.javafmlmod.AutomaticEventSubscriber/LOADING]: Subscribing method public static void at.koopro.spells_n_squares.features.spell.ShieldProjectileHandler.onLivingIncomingDamage(net.neoforged.neoforge.event.entity.living.LivingIncomingDamageEvent) to the game event bus
[15Dez.2025 20:15:21.208] [modloading-worker-0/DEBUG] [net.neoforged.fml.javafmlmod.AutomaticEventSubscriber/LOADING]: Scanning class at.koopro.spells_n_squares.features.spell.SpellHandler for @SubscribeEvent-annotated methods
[15Dez.2025 20:15:21.209] [modloading-worker-0/DEBUG] [net.neoforged.fml.javafmlmod.AutomaticEventSubscriber/LOADING]: Subscribing method public static void at.koopro.spells_n_squares.features.spell.SpellHandler.onPlayerLoggedOut(net.neoforged.neoforge.event.entity.player.PlayerEvent$PlayerLoggedOutEvent) to the game event bus
[15Dez.2025 20:15:21.210] [modloading-worker-0/DEBUG] [net.neoforged.fml.javafmlmod.AutomaticEventSubscriber/LOADING]: Subscribing method public static void at.koopro.spells_n_squares.features.spell.SpellHandler.onPlayerTick(net.neoforged.neoforge.event.tick.PlayerTickEvent$Post) to the game event bus
[15Dez.2025 20:15:21.211] [modloading-worker-0/DEBUG] [net.neoforged.fml.javafmlmod.AutomaticEventSubscriber/LOADING]: Scanning class at.koopro.spells_n_squares.features.spell.SpellSetup for @SubscribeEvent-annotated methods
[15Dez.2025 20:15:21.212] [modloading-worker-0/DEBUG] [net.neoforged.fml.javafmlmod.AutomaticEventSubscriber/LOADING]: Subscribing method public static void at.koopro.spells_n_squares.features.spell.SpellSetup.onPlayerLoggedIn(net.neoforged.neoforge.event.entity.player.PlayerEvent$PlayerLoggedInEvent) to the game event bus
[15Dez.2025 20:15:21.213] [modloading-worker-0/DEBUG] [net.neoforged.fml.javafmlmod.AutomaticEventSubscriber/LOADING]: Scanning class at.koopro.spells_n_squares.features.wand.WandGlowHandler for @SubscribeEvent-annotated methods
[15Dez.2025 20:15:21.214] [modloading-worker-0/DEBUG] [net.neoforged.fml.javafmlmod.AutomaticEventSubscriber/LOADING]: Scanning class at.koopro.spells_n_squares.handlers.ServerEventHandler for @SubscribeEvent-annotated methods
[15Dez.2025 20:15:21.215] [modloading-worker-0/DEBUG] [net.neoforged.fml.javafmlmod.AutomaticEventSubscriber/LOADING]: Subscribing method public static void at.koopro.spells_n_squares.handlers.ServerEventHandler.onRegisterCommands(net.neoforged.neoforge.event.RegisterCommandsEvent) to the game event bus
[15Dez.2025 20:15:21.216] [modloading-worker-0/DEBUG] [net.neoforged.fml.javafmlmod.AutomaticEventSubscriber/LOADING]: Subscribing method public static void at.koopro.spells_n_squares.handlers.ServerEventHandler.onServerStarting(net.neoforged.neoforge.event.server.ServerStartingEvent) to the game event bus
[15Dez.2025 20:15:21.216] [modloading-worker-0/DEBUG] [net.neoforged.fml.javafmlmod.AutomaticEventSubscriber/LOADING]: Scanning class at.koopro.spells_n_squares.init.ClientInitialization for @SubscribeEvent-annotated methods
[15Dez.2025 20:15:21.218] [modloading-worker-0/DEBUG] [net.neoforged.fml.javafmlmod.AutomaticEventSubscriber/LOADING]: Subscribing method public static void at.koopro.spells_n_squares.init.ClientInitialization.onClientSetup(net.neoforged.fml.event.lifecycle.FMLClientSetupEvent) to the event bus of mod spells_n_squares
[15Dez.2025 20:15:21.219] [modloading-worker-0/DEBUG] [net.neoforged.fml.javafmlmod.AutomaticEventSubscriber/LOADING]: Subscribing method public static void at.koopro.spells_n_squares.init.ClientInitialization.onRegisterRenderers(net.neoforged.neoforge.client.event.EntityRenderersEvent$RegisterRenderers) to the event bus of mod spells_n_squares
[15Dez.2025 20:15:21.252] [modloading-worker-0/DEBUG] [net.neoforged.fml.config.ConfigTracker/CONFIG]: Config file neoforge-client.toml for neoforge tracking
[15Dez.2025 20:15:21.277] [modloading-worker-0/DEBUG] [net.neoforged.fml.javafmlmod.AutomaticEventSubscriber/LOADING]: Attempting to inject @EventBusSubscriber classes into the eventbus for neoforge
[15Dez.2025 20:15:21.278] [modloading-worker-0/DEBUG] [net.neoforged.fml.javafmlmod.AutomaticEventSubscriber/LOADING]: Scanning class net.neoforged.neoforge.attachment.AttachmentInternals for @SubscribeEvent-annotated methods
[15Dez.2025 20:15:21.280] [modloading-worker-0/DEBUG] [net.neoforged.fml.javafmlmod.AutomaticEventSubscriber/LOADING]: Subscribing method public static void net.neoforged.neoforge.attachment.AttachmentInternals.onPlayerClone(net.neoforged.neoforge.event.entity.player.PlayerEvent$Clone) to the game event bus
[15Dez.2025 20:15:21.280] [modloading-worker-0/DEBUG] [net.neoforged.fml.javafmlmod.AutomaticEventSubscriber/LOADING]: Subscribing method public static void net.neoforged.neoforge.attachment.AttachmentInternals.onLivingConvert(net.neoforged.neoforge.event.entity.living.LivingConversionEvent$Post) to the game event bus
[15Dez.2025 20:15:21.280] [modloading-worker-0/DEBUG] [net.neoforged.fml.javafmlmod.AutomaticEventSubscriber/LOADING]: Scanning class net.neoforged.neoforge.attachment.AttachmentSync for @SubscribeEvent-annotated methods
[15Dez.2025 20:15:21.285] [modloading-worker-0/DEBUG] [net.neoforged.fml.javafmlmod.AutomaticEventSubscriber/LOADING]: Subscribing method public static void net.neoforged.neoforge.attachment.AttachmentSync.onChunkSent(net.neoforged.neoforge.event.level.ChunkWatchEvent$Sent) to the game event bus
[15Dez.2025 20:15:21.286] [modloading-worker-0/DEBUG] [net.neoforged.fml.javafmlmod.AutomaticEventSubscriber/LOADING]: Scanning class net.neoforged.neoforge.client.BlockEntityRenderBoundsDebugRenderer for @SubscribeEvent-annotated methods
[15Dez.2025 20:15:21.289] [modloading-worker-0/DEBUG] [net.neoforged.fml.javafmlmod.AutomaticEventSubscriber/LOADING]: Subscribing method public static void net.neoforged.neoforge.client.BlockEntityRenderBoundsDebugRenderer.onExtractLevelRenderState(net.neoforged.neoforge.client.event.ExtractLevelRenderStateEvent) to the game event bus
[15Dez.2025 20:15:21.290] [modloading-worker-0/DEBUG] [net.neoforged.fml.javafmlmod.AutomaticEventSubscriber/LOADING]: Subscribing method public static void net.neoforged.neoforge.client.BlockEntityRenderBoundsDebugRenderer.onRegisterClientCommands(net.neoforged.neoforge.client.event.RegisterClientCommandsEvent) to the game event bus
[15Dez.2025 20:15:21.290] [modloading-worker-0/DEBUG] [net.neoforged.fml.javafmlmod.AutomaticEventSubscriber/LOADING]: Subscribing method public static void net.neoforged.neoforge.client.BlockEntityRenderBoundsDebugRenderer.onRenderLevelStage(net.neoforged.neoforge.client.event.RenderLevelStageEvent$AfterEntities) to the game event bus
[15Dez.2025 20:15:21.292] [modloading-worker-0/DEBUG] [net.neoforged.fml.javafmlmod.AutomaticEventSubscriber/LOADING]: Scanning class net.neoforged.neoforge.client.NeoForgeRenderPipelines for @SubscribeEvent-annotated methods
[15Dez.2025 20:15:21.313] [modloading-worker-0/DEBUG] [net.neoforged.fml.javafmlmod.AutomaticEventSubscriber/LOADING]: Subscribing method static void net.neoforged.neoforge.client.NeoForgeRenderPipelines.registerPipelines(net.neoforged.neoforge.client.event.RegisterRenderPipelinesEvent) to the event bus of mod neoforge
[15Dez.2025 20:15:21.313] [modloading-worker-0/DEBUG] [net.neoforged.fml.javafmlmod.AutomaticEventSubscriber/LOADING]: Scanning class net.neoforged.neoforge.client.network.ClientPayloadHandler for @SubscribeEvent-annotated methods
[15Dez.2025 20:15:21.324] [modloading-worker-0/DEBUG] [net.neoforged.fml.javafmlmod.AutomaticEventSubscriber/LOADING]: Subscribing method private static void net.neoforged.neoforge.client.network.ClientPayloadHandler.register(net.neoforged.neoforge.client.network.event.RegisterClientPayloadHandlersEvent) to the event bus of mod neoforge
[15Dez.2025 20:15:21.324] [modloading-worker-0/DEBUG] [net.neoforged.fml.javafmlmod.AutomaticEventSubscriber/LOADING]: Scanning class net.neoforged.neoforge.common.MonsterRoomHooks for @SubscribeEvent-annotated methods
[15Dez.2025 20:15:21.325] [modloading-worker-0/DEBUG] [net.neoforged.fml.javafmlmod.AutomaticEventSubscriber/LOADING]: Subscribing method public static void net.neoforged.neoforge.common.MonsterRoomHooks.onDataMapsUpdated(net.neoforged.neoforge.registries.datamaps.DataMapsUpdatedEvent) to the game event bus
[15Dez.2025 20:15:21.326] [modloading-worker-0/DEBUG] [net.neoforged.fml.javafmlmod.AutomaticEventSubscriber/LOADING]: Scanning class net.neoforged.neoforge.model.data.ModelDataManager for @SubscribeEvent-annotated methods
[15Dez.2025 20:15:21.329] [modloading-worker-0/DEBUG] [net.neoforged.fml.javafmlmod.AutomaticEventSubscriber/LOADING]: Subscribing method public static void net.neoforged.neoforge.model.data.ModelDataManager.onChunkUnload(net.neoforged.neoforge.event.level.ChunkEvent$Unload) to the game event bus
[15Dez.2025 20:15:21.330] [modloading-worker-0/DEBUG] [net.neoforged.fml.javafmlmod.AutomaticEventSubscriber/LOADING]: Scanning class net.neoforged.neoforge.network.ConfigurationInitialization for @SubscribeEvent-annotated methods
[15Dez.2025 20:15:21.335] [modloading-worker-0/DEBUG] [net.neoforged.fml.javafmlmod.AutomaticEventSubscriber/LOADING]: Subscribing method private static void net.neoforged.neoforge.network.ConfigurationInitialization.configureModdedClient(net.neoforged.neoforge.network.event.RegisterConfigurationTasksEvent) to the event bus of mod neoforge
[15Dez.2025 20:15:21.336] [modloading-worker-0/DEBUG] [net.neoforged.fml.javafmlmod.AutomaticEventSubscriber/LOADING]: Scanning class net.neoforged.neoforge.network.NetworkInitialization for @SubscribeEvent-annotated methods
[15Dez.2025 20:15:21.338] [modloading-worker-0/DEBUG] [net.neoforged.fml.javafmlmod.AutomaticEventSubscriber/LOADING]: Subscribing method private static void net.neoforged.neoforge.network.NetworkInitialization.register(net.neoforged.neoforge.network.event.RegisterPayloadHandlersEvent) to the event bus of mod neoforge
[15Dez.2025 20:15:21.338] [modloading-worker-0/DEBUG] [net.neoforged.fml.javafmlmod.AutomaticEventSubscriber/LOADING]: Scanning class net.neoforged.neoforge.network.filters.GenericPacketSplitter for @SubscribeEvent-annotated methods
[15Dez.2025 20:15:21.396] [modloading-worker-0/DEBUG] [io.netty.util.internal.PlatformDependent0/]: Java version: 21
[15Dez.2025 20:15:21.396] [modloading-worker-0/DEBUG] [io.netty.util.internal.PlatformDependent0/]: -Dio.netty.noUnsafe: false
[15Dez.2025 20:15:21.400] [modloading-worker-0/DEBUG] [io.netty.util.internal.PlatformDependent0/]: sun.misc.Unsafe.theUnsafe: available
[15Dez.2025 20:15:21.401] [modloading-worker-0/DEBUG] [io.netty.util.internal.PlatformDependent0/]: sun.misc.Unsafe base methods: all available
[15Dez.2025 20:15:21.402] [modloading-worker-0/DEBUG] [io.netty.util.internal.PlatformDependent0/]: java.nio.Buffer.address: available
[15Dez.2025 20:15:21.403] [modloading-worker-0/DEBUG] [io.netty.util.internal.PlatformDependent0/]: direct buffer constructor: unavailable: Reflective setAccessible(true) disabled
[15Dez.2025 20:15:21.405] [modloading-worker-0/DEBUG] [io.netty.util.internal.PlatformDependent0/]: java.nio.Bits.unaligned: available, true
[15Dez.2025 20:15:21.407] [modloading-worker-0/DEBUG] [io.netty.util.internal.PlatformDependent0/]: jdk.internal.misc.Unsafe.allocateUninitializedArray(int): unavailable: symbolic reference class is not accessible: class jdk.internal.misc.Unsafe, from class io.netty.util.internal.PlatformDependent0 (unnamed module @105fece7)
[15Dez.2025 20:15:21.410] [modloading-worker-0/DEBUG] [io.netty.util.internal.PlatformDependent0/]: java.nio.DirectByteBuffer.<init>(long, {int,long}): unavailable
[15Dez.2025 20:15:21.410] [modloading-worker-0/DEBUG] [io.netty.util.internal.PlatformDependent/]: sun.misc.Unsafe: available
[15Dez.2025 20:15:21.410] [modloading-worker-0/DEBUG] [io.netty.util.internal.PlatformDependent/]: -Dio.netty.tmpdir: C:\Users\chris\AppData\Local\Temp (java.io.tmpdir)
[15Dez.2025 20:15:21.410] [modloading-worker-0/DEBUG] [io.netty.util.internal.PlatformDependent/]: -Dio.netty.bitMode: 64 (sun.arch.data.model)
[15Dez.2025 20:15:21.410] [modloading-worker-0/DEBUG] [io.netty.util.internal.PlatformDependent/]: Platform: Windows
[15Dez.2025 20:15:21.411] [modloading-worker-0/DEBUG] [io.netty.util.internal.PlatformDependent/]: -Dio.netty.maxDirectMemory: -1 bytes
[15Dez.2025 20:15:21.414] [modloading-worker-0/DEBUG] [io.netty.util.internal.CleanerJava9/]: java.nio.ByteBuffer.cleaner(): available
[15Dez.2025 20:15:21.414] [modloading-worker-0/DEBUG] [io.netty.util.internal.PlatformDependent/]: -Dio.netty.noPreferDirect: false
[15Dez.2025 20:15:21.416] [modloading-worker-0/DEBUG] [io.netty.util.internal.PlatformDependent/]: -Dio.netty.jfr.enabled: true
[15Dez.2025 20:15:21.441] [modloading-worker-0/DEBUG] [io.netty.buffer.AbstractByteBuf/]: -Dio.netty.buffer.checkAccessible: true
[15Dez.2025 20:15:21.441] [modloading-worker-0/DEBUG] [io.netty.buffer.AbstractByteBuf/]: -Dio.netty.buffer.checkBounds: true
[15Dez.2025 20:15:21.444] [modloading-worker-0/DEBUG] [io.netty.util.ResourceLeakDetectorFactory/]: Loaded default ResourceLeakDetector: io.netty.util.ResourceLeakDetector@125d79c9
[15Dez.2025 20:15:21.469] [modloading-worker-0/DEBUG] [io.netty.util.internal.InternalThreadLocalMap/]: -Dio.netty.threadLocalMap.stringBuilder.initialSize: 1024
[15Dez.2025 20:15:21.469] [modloading-worker-0/DEBUG] [io.netty.util.internal.InternalThreadLocalMap/]: -Dio.netty.threadLocalMap.stringBuilder.maxSize: 4096
[15Dez.2025 20:15:21.473] [modloading-worker-0/DEBUG] [io.netty.buffer.AdaptiveByteBufAllocator/]: -Dio.netty.allocator.useCachedMagazinesForNonEventLoopThreads: false
[15Dez.2025 20:15:21.503] [modloading-worker-0/DEBUG] [io.netty.util.Recycler/]: -Dio.netty.recycler.maxCapacityPerThread: 4096
[15Dez.2025 20:15:21.503] [modloading-worker-0/DEBUG] [io.netty.util.Recycler/]: -Dio.netty.recycler.ratio: 8
[15Dez.2025 20:15:21.503] [modloading-worker-0/DEBUG] [io.netty.util.Recycler/]: -Dio.netty.recycler.chunkSize: 32
[15Dez.2025 20:15:21.503] [modloading-worker-0/DEBUG] [io.netty.util.Recycler/]: -Dio.netty.recycler.blocking: false
[15Dez.2025 20:15:21.503] [modloading-worker-0/DEBUG] [io.netty.util.Recycler/]: -Dio.netty.recycler.batchFastThreadLocalOnly: true
[15Dez.2025 20:15:21.518] [modloading-worker-0/DEBUG] [io.netty.buffer.ByteBufUtil/]: -Dio.netty.allocator.type: adaptive
[15Dez.2025 20:15:21.518] [modloading-worker-0/DEBUG] [io.netty.buffer.ByteBufUtil/]: -Dio.netty.threadLocalDirectBufferSize: 0
[15Dez.2025 20:15:21.519] [modloading-worker-0/DEBUG] [io.netty.buffer.ByteBufUtil/]: -Dio.netty.maxThreadLocalCharBufferSize: 16384
[15Dez.2025 20:15:21.541] [modloading-worker-0/DEBUG] [net.neoforged.fml.javafmlmod.AutomaticEventSubscriber/LOADING]: Subscribing method private static void net.neoforged.neoforge.network.filters.GenericPacketSplitter.register(net.neoforged.neoforge.network.event.RegisterPayloadHandlersEvent) to the event bus of mod neoforge
[15Dez.2025 20:15:21.624] [modloading-sync-worker/DEBUG] [GeckoLib/]: Registered SyncedAnimatable for class at.koopro.spells_n_squares.item.RubberDuckItem
[15Dez.2025 20:15:21.625] [modloading-sync-worker/DEBUG] [GeckoLib/]: Registered SyncedAnimatable for class at.koopro.spells_n_squares.features.flashlight.FlashlightItem
[15Dez.2025 20:15:21.625] [modloading-sync-worker/DEBUG] [GeckoLib/]: Registered SyncedAnimatable for class at.koopro.spells_n_squares.item.FleshlightItem
[15Dez.2025 20:15:21.626] [modloading-sync-worker/DEBUG] [GeckoLib/]: Registered SyncedAnimatable for class at.koopro.spells_n_squares.features.wand.DemoWandItem
[15Dez.2025 20:15:21.879] [modloading-sync-worker/DEBUG] [net.neoforged.fml.config.ConfigTracker/CONFIG]: Loading configs type CLIENT
[15Dez.2025 20:15:21.895] [modloading-sync-worker/DEBUG] [net.neoforged.neoforge.common.NeoForgeMod/FORGEMOD]: Loaded NeoForge config file neoforge-client.toml
[15Dez.2025 20:15:21.896] [modloading-sync-worker/DEBUG] [net.neoforged.fml.config.ConfigTracker/CONFIG]: Loaded TOML config file C:\Users\chris\Desktop\Development\Java\unob\run\config\neoforge-client.toml
[15Dez.2025 20:15:21.916] [modloading-sync-worker/DEBUG] [net.neoforged.fml.config.ConfigTracker/CONFIG]: Watching TOML config file C:\Users\chris\Desktop\Development\Java\unob\run\config\neoforge-client.toml for changes
[15Dez.2025 20:15:21.917] [modloading-sync-worker/DEBUG] [net.neoforged.fml.config.ConfigTracker/CONFIG]: Loading configs type COMMON
[15Dez.2025 20:15:21.919] [modloading-sync-worker/DEBUG] [net.neoforged.neoforge.common.NeoForgeMod/FORGEMOD]: Loaded NeoForge config file neoforge-common.toml
[15Dez.2025 20:15:21.919] [modloading-sync-worker/DEBUG] [net.neoforged.fml.config.ConfigTracker/CONFIG]: Loaded TOML config file C:\Users\chris\Desktop\Development\Java\unob\run\config\neoforge-common.toml
[15Dez.2025 20:15:21.920] [modloading-sync-worker/DEBUG] [net.neoforged.fml.config.ConfigTracker/CONFIG]: Watching TOML config file C:\Users\chris\Desktop\Development\Java\unob\run\config\neoforge-common.toml for changes
[15Dez.2025 20:15:22.180] [Render thread/INFO] [com.mojang.authlib.yggdrasil.YggdrasilAuthenticationService/]: Environment: Environment[sessionHost=https://sessionserver.mojang.com, servicesHost=https://api.minecraftservices.com, profilesHost=https://api.mojang.com, name=PROD]
[15Dez.2025 20:15:22.225] [Render thread/INFO] [net.minecraft.client.Minecraft/]: Setting user: Dev
[15Dez.2025 20:15:22.443] [Render thread/INFO] [net.minecraft.client.Minecraft/]: Backend library: LWJGL version 3.3.3+5
[15Dez.2025 20:15:22.648] [Render thread/INFO] [net.minecraft.client.Minecraft/]: Using optional rendering extensions: GL_ARB_buffer_storage, GL_KHR_debug, GL_ARB_vertex_attrib_binding, GL_ARB_direct_state_access, GL_EXT_texture_filter_anisotropic
[15Dez.2025 20:15:22.678] [Render thread/DEBUG] [mixin/]: Mixing client.SpecialModelWrapperMixin from geckolib.mixins.json into net.minecraft.client.renderer.item.SpecialModelWrapper
[15Dez.2025 20:15:22.678] [Render thread/DEBUG] [mixin/]: geckolib.mixins.json:client.SpecialModelWrapperMixin from mod geckolib: Class version 65 required is higher than the class version supported by the current version of Mixin (JAVA_17 supports class version 61)
[15Dez.2025 20:15:22.686] [Render thread/DEBUG] [mixin/]: Mixing client.SpecialModelRenderersMixin from geckolib.mixins.json into net.minecraft.client.renderer.special.SpecialModelRenderers
[15Dez.2025 20:15:22.687] [Render thread/DEBUG] [mixin/]: geckolib.mixins.json:client.SpecialModelRenderersMixin from mod geckolib: Class version 65 required is higher than the class version supported by the current version of Mixin (JAVA_17 supports class version 61)
[15Dez.2025 20:15:22.701] [Render thread/DEBUG] [mixin/]: geckolib.mixins.json:client.SpecialModelRenderersMixin from mod geckolib->@Inject::geckolib$addSpecialRenderer(Lorg/spongepowered/asm/mixin/injection/callback/CallbackInfo;)V doesn't use it's CallbackInfo
[15Dez.2025 20:15:22.733] [Render thread/DEBUG] [mixin/]: Mixing client.BlockEntityRenderStateMixin from geckolib.mixins.json into net.minecraft.client.renderer.blockentity.state.BlockEntityRenderState
[15Dez.2025 20:15:22.733] [Render thread/DEBUG] [mixin/]: geckolib.mixins.json:client.BlockEntityRenderStateMixin from mod geckolib: Class version 65 required is higher than the class version supported by the current version of Mixin (JAVA_17 supports class version 61)
[15Dez.2025 20:15:22.936] [Render thread/DEBUG] [mixin/]: Mixing client.TextureManagerMixin from geckolib.mixins.json into net.minecraft.client.renderer.texture.TextureManager
[15Dez.2025 20:15:22.936] [Render thread/DEBUG] [mixin/]: geckolib.mixins.json:client.TextureManagerMixin from mod geckolib: Class version 65 required is higher than the class version supported by the current version of Mixin (JAVA_17 supports class version 61)
[15Dez.2025 20:15:23.105] [Render thread/DEBUG] [mixin/]: Mixing client.EntityRendererMixin from geckolib.mixins.json into net.minecraft.client.renderer.entity.EntityRenderer
[15Dez.2025 20:15:23.105] [Render thread/DEBUG] [mixin/]: geckolib.mixins.json:client.EntityRendererMixin from mod geckolib: Class version 65 required is higher than the class version supported by the current version of Mixin (JAVA_17 supports class version 61)
[15Dez.2025 20:15:23.106] [Render thread/DEBUG] [mixin/]: Renaming synthetic method lambda$geckolib$captureDataForArmorLayer$1(Lnet/minecraft/client/renderer/entity/state/EntityRenderState;Lcom/llamalad7/mixinextras/injector/wrapoperation/Operation;Lnet/minecraft/world/entity/Entity;FLnet/minecraft/world/entity/EquipmentSlot;)Lnet/minecraft/client/renderer/entity/state/HumanoidRenderState; to mdd69f84$geckolib$lambda$geckolib$captureDataForArmorLayer$1$0 in geckolib.mixins.json:client.EntityRendererMixin from mod geckolib
[15Dez.2025 20:15:23.106] [Render thread/DEBUG] [mixin/]: Renaming synthetic method lambda$geckolib$captureDataForArmorLayer$0(Lnet/minecraft/client/renderer/entity/layers/HumanoidArmorLayer;Lnet/minecraft/client/renderer/entity/state/HumanoidRenderState;Lnet/minecraft/world/entity/EquipmentSlot;)Lnet/minecraft/client/model/HumanoidModel; to mdd69f84$geckolib$lambda$geckolib$captureDataForArmorLayer$0$1 in geckolib.mixins.json:client.EntityRendererMixin from mod geckolib
[15Dez.2025 20:15:23.425] [Render thread/DEBUG] [mixin/]: Mixing client.EntityRenderStateMixin from geckolib.mixins.json into net.minecraft.client.renderer.entity.state.EntityRenderState
[15Dez.2025 20:15:23.426] [Render thread/DEBUG] [mixin/]: geckolib.mixins.json:client.EntityRenderStateMixin from mod geckolib: Class version 65 required is higher than the class version supported by the current version of Mixin (JAVA_17 supports class version 61)
[15Dez.2025 20:15:23.482] [Render thread/DEBUG] [mixin/]: Mixing client.HumanoidArmorLayerMixin from geckolib.mixins.json into net.minecraft.client.renderer.entity.layers.HumanoidArmorLayer
[15Dez.2025 20:15:23.483] [Render thread/DEBUG] [mixin/]: geckolib.mixins.json:client.HumanoidArmorLayerMixin from mod geckolib: Class version 65 required is higher than the class version supported by the current version of Mixin (JAVA_17 supports class version 61)
[15Dez.2025 20:15:23.483] [Render thread/DEBUG] [mixin/]: Renaming synthetic method lambda$geckolib$wrapArmorPieceRender$0(Lnet/minecraft/client/renderer/entity/layers/HumanoidArmorLayer;Lnet/minecraft/client/renderer/entity/state/HumanoidRenderState;Lnet/minecraft/world/entity/EquipmentSlot;)Lnet/minecraft/client/model/HumanoidModel; to mdd69f84$geckolib$lambda$geckolib$wrapArmorPieceRender$0$0 in geckolib.mixins.json:client.HumanoidArmorLayerMixin from mod geckolib
[15Dez.2025 20:15:23.731] [Render thread/INFO] [net.minecraft.server.packs.resources.ReloadableResourceManager/]: Reloading ResourceManager: vanilla, mod_resources, mod/spells_n_squares, mod/geckolib, mod/neoforge
[15Dez.2025 20:15:23.761] [resourceLoad/INFO] [at.koopro.spells_n_squares.init.ModInitialization/]: Initializing Spells_n_Squares mod
[15Dez.2025 20:15:23.761] [resourceLoad/INFO] [at.koopro.spells_n_squares.init.ModInitialization/]: Registered sound: spells_n_squares:rubber_duck_squeak
[15Dez.2025 20:15:23.953] [Render thread/DEBUG] [net.neoforged.fml.DeferredWorkQueue/LOADING]: Dispatching synchronous work for work queue Common setup: 2 jobs
[15Dez.2025 20:15:23.964] [Render thread/INFO] [at.koopro.spells_n_squares.init.ModInitialization/]: Registered 7 spells
[15Dez.2025 20:15:23.968] [Render thread/DEBUG] [net.neoforged.fml.DeferredWorkQueue/LOADING]: Synchronous work queue completed in 12.13 ms
[15Dez.2025 20:15:24.060] [resourceLoad/INFO] [net.minecraft.client.gui.font.providers.UnihexProvider/]: Found unifont_all_no_pua-17.0.01.hex, loading
[15Dez.2025 20:15:24.116] [resourceLoad/INFO] [net.minecraft.client.gui.font.providers.UnihexProvider/]: Found unifont_pua-17.0.01.hex, loading
[15Dez.2025 20:15:24.192] [resourceLoad/WARN] [net.minecraft.client.sounds.SoundManager/]: File spells_n_squares:sounds/rubber_duck_squeak.ogg does not exist, cannot add it to event unob:rubber_duck_squeak
[15Dez.2025 20:15:24.193] [resourceLoad/WARN] [net.minecraft.client.sounds.SoundManager/]: File spells_n_squares:sounds/flashlight_on.ogg does not exist, cannot add it to event unob:flashlight_on
[15Dez.2025 20:15:24.194] [resourceLoad/WARN] [net.minecraft.client.sounds.SoundManager/]: File spells_n_squares:sounds/flashlight_off.ogg does not exist, cannot add it to event unob:flashlight_off
[15Dez.2025 20:15:24.194] [resourceLoad/WARN] [net.minecraft.client.sounds.SoundManager/]: File spells_n_squares:sounds/lumos.ogg does not exist, cannot add it to event unob:lumos
[15Dez.2025 20:15:24.194] [resourceLoad/WARN] [net.minecraft.client.sounds.SoundManager/]: File spells_n_squares:sounds/nox.ogg does not exist, cannot add it to event unob:nox
[15Dez.2025 20:15:24.355] [resourceLoad/INFO] [at.koopro.spells_n_squares.init.ClientInitialization/]: Client setup complete - Spells_n_Squares mod ready
[15Dez.2025 20:15:24.377] [resourceLoad/INFO] [net.minecraft.client.gui.font.providers.UnihexProvider/]: Found unifont_jp_patch-17.0.01.hex, loading
[15Dez.2025 20:15:25.091] [resourceLoad/WARN] [net.minecraft.client.resources.model.ModelDiscovery/]: Missing block model: spells_n_squares:item/demo_wand
[15Dez.2025 20:15:25.094] [resourceLoad/WARN] [net.minecraft.client.resources.model.ModelDiscovery/]: Missing block model: spells_n_squares:item/rubber_duck
[15Dez.2025 20:15:25.095] [resourceLoad/WARN] [net.minecraft.client.resources.model.ModelDiscovery/]: Missing block model: spells_n_squares:item/fleshlight
[15Dez.2025 20:15:25.095] [resourceLoad/WARN] [net.minecraft.client.resources.model.ModelDiscovery/]: Missing block model: spells_n_squares:item/flashlight
[15Dez.2025 20:15:25.095] [resourceLoad/WARN] [net.minecraft.client.resources.model.ModelDiscovery/]: Missing block model: spells_n_squares:item/deathly_hallow_cloak
[15Dez.2025 20:15:25.095] [resourceLoad/WARN] [net.minecraft.client.resources.model.ModelDiscovery/]: Missing block model: spells_n_squares:item/demiguise_cloak
[15Dez.2025 20:15:25.658] [Render thread/WARN] [net.minecraft.client.sounds.SoundEngine/]: Missing sound for event: spells_n_squares:rubber_duck_squeak
[15Dez.2025 20:15:25.660] [Render thread/WARN] [net.minecraft.client.sounds.SoundEngine/]: Missing sound for event: spells_n_squares:flashlight_on
[15Dez.2025 20:15:25.660] [Render thread/WARN] [net.minecraft.client.sounds.SoundEngine/]: Missing sound for event: spells_n_squares:flashlight_off
[15Dez.2025 20:15:25.660] [Render thread/WARN] [net.minecraft.client.sounds.SoundEngine/]: Missing sound for event: spells_n_squares:lumos
[15Dez.2025 20:15:25.660] [Render thread/WARN] [net.minecraft.client.sounds.SoundEngine/]: Missing sound for event: spells_n_squares:nox
[15Dez.2025 20:15:25.822] [Render thread/INFO] [com.mojang.blaze3d.audio.Library/]: OpenAL initialized on device OpenAL Soft on Output 1/2 (SSL 2+ USB Audio Device)
[15Dez.2025 20:15:25.823] [Render thread/INFO] [net.minecraft.client.sounds.SoundEngine/SOUNDS]: Sound engine started
[15Dez.2025 20:15:25.823] [Render thread/INFO] [net.minecraft.client.renderer.texture.TextureAtlas/]: Created: 512x256x0 minecraft:textures/atlas/particles.png-atlas
[15Dez.2025 20:15:25.841] [Render thread/INFO] [net.minecraft.client.renderer.texture.TextureAtlas/]: Created: 128x128x0 minecraft:textures/atlas/decorated_pot.png-atlas
[15Dez.2025 20:15:25.843] [Render thread/INFO] [net.minecraft.client.renderer.texture.TextureAtlas/]: Created: 2048x1024x0 minecraft:textures/atlas/armor_trims.png-atlas
[15Dez.2025 20:15:25.880] [Render thread/INFO] [net.minecraft.client.renderer.texture.TextureAtlas/]: Created: 512x256x0 minecraft:textures/atlas/paintings.png-atlas
[15Dez.2025 20:15:25.882] [Render thread/INFO] [net.minecraft.client.renderer.texture.TextureAtlas/]: Created: 1024x512x0 minecraft:textures/atlas/shield_patterns.png-atlas
[15Dez.2025 20:15:25.888] [Render thread/INFO] [net.minecraft.client.renderer.texture.TextureAtlas/]: Created: 2048x2048x4 minecraft:textures/atlas/blocks.png-atlas
[15Dez.2025 20:15:25.958] [Render thread/INFO] [net.minecraft.client.renderer.texture.TextureAtlas/]: Created: 512x512x0 minecraft:textures/atlas/chest.png-atlas
[15Dez.2025 20:15:25.960] [Render thread/INFO] [net.minecraft.client.renderer.texture.TextureAtlas/]: Created: 256x128x0 minecraft:textures/atlas/celestials.png-atlas
[15Dez.2025 20:15:25.962] [Render thread/INFO] [net.minecraft.client.renderer.texture.TextureAtlas/]: Created: 1024x512x0 minecraft:textures/atlas/banner_patterns.png-atlas
[15Dez.2025 20:15:25.967] [Render thread/INFO] [net.minecraft.client.renderer.texture.TextureAtlas/]: Created: 512x512x0 minecraft:textures/atlas/beds.png-atlas
[15Dez.2025 20:15:25.968] [Render thread/INFO] [net.minecraft.client.renderer.texture.TextureAtlas/]: Created: 1024x512x0 minecraft:textures/atlas/items.png-atlas
[15Dez.2025 20:15:25.998] [Render thread/INFO] [net.minecraft.client.renderer.texture.TextureAtlas/]: Created: 1024x1024x0 minecraft:textures/atlas/gui.png-atlas
[15Dez.2025 20:15:26.023] [Render thread/INFO] [net.minecraft.client.renderer.texture.TextureAtlas/]: Created: 128x64x0 minecraft:textures/atlas/map_decorations.png-atlas
[15Dez.2025 20:15:26.024] [Render thread/INFO] [net.minecraft.client.renderer.texture.TextureAtlas/]: Created: 512x256x0 minecraft:textures/atlas/signs.png-atlas
[15Dez.2025 20:15:26.025] [Render thread/INFO] [net.minecraft.client.renderer.texture.TextureAtlas/]: Created: 512x512x0 minecraft:textures/atlas/shulker_boxes.png-atlas
[15Dez.2025 20:15:26.146] [Render thread/WARN] [net.minecraft.client.resources.model.ModelManager/]: No model loaded for default item model ID spells_n_squares:rubber_duck of spells_n_squares:rubber_duck
[15Dez.2025 20:15:26.146] [Render thread/WARN] [net.minecraft.client.resources.model.ModelManager/]: No model loaded for default item model ID spells_n_squares:flashlight of spells_n_squares:flashlight
[15Dez.2025 20:15:26.146] [Render thread/WARN] [net.minecraft.client.resources.model.ModelManager/]: No model loaded for default item model ID spells_n_squares:fleshlight of spells_n_squares:fleshlight
[15Dez.2025 20:15:26.146] [Render thread/WARN] [net.minecraft.client.resources.model.ModelManager/]: No model loaded for default item model ID spells_n_squares:demo_wand of spells_n_squares:demo_wand
[15Dez.2025 20:15:26.146] [Render thread/WARN] [net.minecraft.client.resources.model.ModelManager/]: No model loaded for default item model ID spells_n_squares:demiguise_cloak of spells_n_squares:demiguise_cloak
[15Dez.2025 20:15:26.146] [Render thread/WARN] [net.minecraft.client.resources.model.ModelManager/]: No model loaded for default item model ID spells_n_squares:deathly_hallow_cloak of spells_n_squares:deathly_hallow_cloak
[15Dez.2025 20:15:26.148] [Render thread/INFO] [net.neoforged.neoforge.client.entity.animation.json.AnimationLoader/]: Loaded 0 entity animations
[15Dez.2025 20:15:26.237] [Render thread/DEBUG] [net.neoforged.fml.classloading.transformation.ClassTransformStatistics/]: Transformed/total loaded classes: 408/7490 (5,45%) and 97 parsed for mixin
[15Dez.2025 20:15:37.704] [Render thread/WARN] [net.neoforged.neoforge.common.CommonHooks/WP]: The following mods have version differences that were not resolved:
unob (version 1.0-SNAPSHOT -> MISSING)
Things may not work well.
[15Dez.2025 20:15:39.810] [Render thread/INFO] [net.minecraft.world.item.crafting.RecipeManager/]: Loaded 1470 recipes
[15Dez.2025 20:15:39.819] [Render thread/INFO] [net.minecraft.advancements.AdvancementTree/]: Loaded 1584 advancements
[15Dez.2025 20:15:39.821] [Render thread/INFO] [net.neoforged.neoforge.common.crafting.RecipePriorityManager/]: Loaded 0 recipe priority overrides
[15Dez.2025 20:15:39.914] [Render thread/DEBUG] [net.neoforged.neoforge.common.CommonHooks/WP]: Gathered mod list to write to world save New World
[15Dez.2025 20:15:39.998] [Server thread/INFO] [net.minecraft.client.server.IntegratedServer/]: Starting integrated minecraft server version 1.21.11
[15Dez.2025 20:15:39.998] [Server thread/INFO] [net.minecraft.server.MinecraftServer/]: Generating keypair
[15Dez.2025 20:15:40.085] [Server thread/DEBUG] [net.neoforged.fml.config.ConfigTracker/CONFIG]: Loading configs type SERVER
[15Dez.2025 20:15:40.087] [Server thread/DEBUG] [net.neoforged.neoforge.common.NeoForgeMod/FORGEMOD]: Loaded NeoForge config file neoforge-server.toml
[15Dez.2025 20:15:40.087] [Server thread/DEBUG] [net.neoforged.fml.config.ConfigTracker/CONFIG]: Loaded TOML config file C:\Users\chris\Desktop\Development\Java\unob\run\config\neoforge-server.toml
[15Dez.2025 20:15:40.088] [Server thread/DEBUG] [net.neoforged.fml.config.ConfigTracker/CONFIG]: Watching TOML config file C:\Users\chris\Desktop\Development\Java\unob\run\config\neoforge-server.toml for changes
[15Dez.2025 20:15:40.320] [Server thread/INFO] [net.minecraft.server.level.progress.LoggingLevelLoadListener/]: Loading 0 persistent chunks...
[15Dez.2025 20:15:40.320] [Server thread/INFO] [net.minecraft.server.level.progress.LoggingLevelLoadListener/]: Preparing spawn area: 16%
[15Dez.2025 20:15:40.334] [Server thread/INFO] [net.neoforged.neoforge.server.permission.PermissionAPI/]: Successfully initialized permission handler neoforge:default_handler
[15Dez.2025 20:15:40.335] [Server thread/INFO] [at.koopro.spells_n_squares.handlers.ServerEventHandler/]: Server starting - Spells_n_Squares mod ready
[15Dez.2025 20:15:40.438] [Render thread/DEBUG] [io.netty.channel.MultithreadEventLoopGroup/]: -Dio.netty.eventLoopThreads: 32
[15Dez.2025 20:15:40.448] [Render thread/DEBUG] [io.netty.util.concurrent.GlobalEventExecutor/]: -Dio.netty.globalEventExecutor.quietPeriodSeconds: 1
[15Dez.2025 20:15:40.468] [Render thread/DEBUG] [io.netty.util.internal.PlatformDependent/]: org.jctools-core.MpscChunkedArrayQueue: available
[15Dez.2025 20:15:40.478] [Render thread/DEBUG] [io.netty.channel.DefaultChannelId/]: -Dio.netty.processId: 85844 (auto-detected)
[15Dez.2025 20:15:40.479] [Render thread/DEBUG] [io.netty.util.NetUtil/]: -Djava.net.preferIPv4Stack: false
[15Dez.2025 20:15:40.479] [Render thread/DEBUG] [io.netty.util.NetUtil/]: -Djava.net.preferIPv6Addresses: system
[15Dez.2025 20:15:40.486] [Render thread/DEBUG] [io.netty.util.NetUtilInitializations/]: Loopback interface: loopback_0 (Software Loopback Interface 1, 0:0:0:0:0:0:0:1)
[15Dez.2025 20:15:40.487] [Render thread/DEBUG] [io.netty.util.NetUtil/]: Failed to get SOMAXCONN from sysctl and file \proc\sys\net\core\somaxconn. Default: 200
[15Dez.2025 20:15:40.490] [Render thread/DEBUG] [io.netty.channel.DefaultChannelId/]: -Dio.netty.machineId: e0:d4:64:ff:fe:02:e4:d7 (auto-detected)
[15Dez.2025 20:15:40.507] [Render thread/DEBUG] [io.netty.bootstrap.ChannelInitializerExtensions/]: -Dio.netty.bootstrap.extensions: null
[15Dez.2025 20:15:40.640] [Netty Local IO #1/DEBUG] [net.neoforged.neoforge.network.filters.NetworkFilters/]: Injected net.neoforged.neoforge.network.filters.GenericPacketSplitter@6d26a429 into net.minecraft.network.Connection@4a6cfb4d
[15Dez.2025 20:15:40.647] [Netty Local IO #0/DEBUG] [net.neoforged.neoforge.network.filters.NetworkFilters/]: Injected net.neoforged.neoforge.network.filters.GenericPacketSplitter@56fc49cd into net.minecraft.network.Connection@2d2bedc7
[15Dez.2025 20:15:40.770] [Server thread/INFO] [net.minecraft.server.level.progress.LoggingLevelLoadListener/]: Loading 49 chunks for player spawn...
[15Dez.2025 20:15:40.840] [Server thread/INFO] [net.minecraft.server.level.progress.LoggingLevelLoadListener/]: Preparing spawn area: 16%
[15Dez.2025 20:15:40.938] [Server thread/INFO] [net.minecraft.server.level.progress.LoggingLevelLoadListener/]: Time elapsed: 618 ms
[15Dez.2025 20:15:41.008] [Render thread/DEBUG] [mixin/]: Mixing common.HashedStackMixin from geckolib.mixins.json into net.minecraft.network.HashedStack$ActualItem
[15Dez.2025 20:15:41.009] [Render thread/DEBUG] [mixin/]: geckolib.mixins.json:common.HashedStackMixin from mod geckolib: Class version 65 required is higher than the class version supported by the current version of Mixin (JAVA_17 supports class version 61)
[15Dez.2025 20:15:41.009] [Render thread/DEBUG] [mixin/]: Renaming synthetic method lambda$geckolib$allowLazyStackIdParity$1(Lnet/minecraft/network/HashedPatchMap$HashGenerator;Lnet/minecraft/core/component/DataComponentType;Ljava/util/Optional;)Ljava/lang/Integer; to mdd69f84$geckolib$lambda$geckolib$allowLazyStackIdParity$1$0 in geckolib.mixins.json:common.HashedStackMixin from mod geckolib
[15Dez.2025 20:15:41.009] [Render thread/DEBUG] [mixin/]: Renaming synthetic method lambda$geckolib$allowLazyStackIdParity$0(Lnet/minecraft/network/HashedPatchMap$HashGenerator;Lnet/minecraft/core/component/DataComponentType;Ljava/lang/Long;)Ljava/lang/Integer; to mdd69f84$geckolib$lambda$geckolib$allowLazyStackIdParity$0$1 in geckolib.mixins.json:common.HashedStackMixin from mod geckolib
[15Dez.2025 20:15:41.189] [Netty Local IO #1/DEBUG] [net.neoforged.neoforge.network.filters.NetworkFilters/]: Injected net.neoforged.neoforge.network.filters.GenericPacketSplitter@2b163691 into net.minecraft.network.Connection@4a6cfb4d
[15Dez.2025 20:15:41.248] [Server thread/INFO] [net.minecraft.server.players.PlayerList/]: Dev[local:E:4816c54f] logged in with entity id 2 at (6.03082618386346, 56.0, -55.369159116698405)
[15Dez.2025 20:15:41.264] [Server thread/DEBUG] [net.neoforged.neoforge.common.CommonHooks/]: Sending 0 recipes of the following types: []
[15Dez.2025 20:15:41.311] [Server thread/INFO] [net.minecraft.server.MinecraftServer/]: Dev joined the game
[15Dez.2025 20:15:41.326] [Server thread/DEBUG] [mixin/]: Mixing common.SynchronizedRemoteSlotMixin from geckolib.mixins.json into net.minecraft.world.inventory.RemoteSlot$Synchronized
[15Dez.2025 20:15:41.327] [Server thread/DEBUG] [mixin/]: geckolib.mixins.json:common.SynchronizedRemoteSlotMixin from mod geckolib: Class version 65 required is higher than the class version supported by the current version of Mixin (JAVA_17 supports class version 61)
[15Dez.2025 20:15:41.338] [Server thread/WARN] [net.minecraft.server.network.config.PrepareSpawnTask/]: [net.minecraft.server.network.config.PrepareSpawnTask] Serialization errors:
ServerPlayer['Dev'/2, l='ServerLevel[New World]', x=6.03, y=56.00, z=-55.37]: Failed to decode value '{Slot:0b,components:{"unob:lumos_active":0b},count:1,id:"unob:demo_wand"}' from field 'Inventory' at index 0': No component with type: 'unob:lumos_active'; No component with type: 'unob:lumos_active' missed input: {"unob:lumos_active":0b}; Unknown registry key in ResourceKey[minecraft:root / minecraft:item]: unob:demo_wand
[15Dez.2025 20:15:41.450] [Server thread/INFO] [net.minecraft.client.server.IntegratedServer/]: Changing view distance to 16, from 10
[15Dez.2025 20:15:41.451] [Render thread/WARN] [net.minecraft.client.multiplayer.ClientPacketListener/]: Ignoring chat session from Dev due to missing Services public key
[15Dez.2025 20:15:41.455] [Server thread/INFO] [net.minecraft.client.server.IntegratedServer/]: Changing simulation distance to 12, from 0
[15Dez.2025 20:15:41.456] [Render thread/INFO] [net.minecraft.advancements.AdvancementTree/]: Loaded 15 advancements
[15Dez.2025 20:15:41.495] [Render thread/INFO] [net.minecraft.client.renderer.DynamicUniformStorage/]: Resizing Dynamic Transforms UBO, capacity limit of 2 reached during a single frame. New capacity will be 4.
[15Dez.2025 20:15:41.669] [Render thread/INFO] [net.minecraft.client.renderer.DynamicUniformStorage/]: Resizing Dynamic Transforms UBO, capacity limit of 4 reached during a single frame. New capacity will be 8.
[15Dez.2025 20:15:41.837] [Render thread/INFO] [net.minecraft.client.renderer.DynamicUniformStorage/]: Resizing Chunk Sections UBO, capacity limit of 2 reached during a single frame. New capacity will be 8.
[15Dez.2025 20:15:41.893] [Render thread/INFO] [net.minecraft.client.renderer.DynamicUniformStorage/]: Resizing Chunk Sections UBO, capacity limit of 8 reached during a single frame. New capacity will be 16.
[15Dez.2025 20:15:41.951] [Render thread/INFO] [net.minecraft.client.renderer.DynamicUniformStorage/]: Resizing Dynamic Transforms UBO, capacity limit of 8 reached during a single frame. New capacity will be 16.
[15Dez.2025 20:15:41.958] [Render thread/INFO] [net.minecraft.client.renderer.DynamicUniformStorage/]: Resizing Chunk Sections UBO, capacity limit of 16 reached during a single frame. New capacity will be 32.
[15Dez.2025 20:15:42.049] [Render thread/INFO] [net.minecraft.client.renderer.DynamicUniformStorage/]: Resizing Chunk Sections UBO, capacity limit of 32 reached during a single frame. New capacity will be 64.
[15Dez.2025 20:15:42.143] [Render thread/INFO] [net.minecraft.client.renderer.DynamicUniformStorage/]: Resizing Chunk Sections UBO, capacity limit of 64 reached during a single frame. New capacity will be 128.
[15Dez.2025 20:15:42.638] [Render thread/INFO] [net.minecraft.client.renderer.DynamicUniformStorage/]: Resizing Chunk Sections UBO, capacity limit of 128 reached during a single frame. New capacity will be 256.
[15Dez.2025 20:15:43.071] [Render thread/INFO] [net.minecraft.client.renderer.DynamicUniformStorage/]: Resizing Chunk Sections UBO, capacity limit of 256 reached during a single frame. New capacity will be 512.
[15Dez.2025 20:15:48.339] [Server thread/INFO] [net.minecraft.client.server.IntegratedServer/]: Saving and pausing game...
[15Dez.2025 20:15:48.360] [Server thread/INFO] [net.minecraft.server.MinecraftServer/]: Saving chunks for level 'ServerLevel[New World]'/minecraft:overworld
[15Dez.2025 20:15:48.385] [Server thread/INFO] [net.minecraft.server.MinecraftServer/]: Saving chunks for level 'ServerLevel[New World]'/minecraft:the_nether
[15Dez.2025 20:15:48.386] [Server thread/INFO] [net.minecraft.server.MinecraftServer/]: Saving chunks for level 'ServerLevel[New World]'/minecraft:the_end
[15Dez.2025 20:15:48.396] [Server thread/DEBUG] [net.neoforged.neoforge.common.CommonHooks/WP]: Gathered mod list to write to world save New World
[15Dez.2025 20:15:49.338] [Server thread/INFO] [net.minecraft.server.network.ServerGamePacketListenerImpl/]: Dev lost connection: Disconnected
[15Dez.2025 20:15:49.338] [Server thread/INFO] [net.minecraft.server.MinecraftServer/]: Dev left the game
[15Dez.2025 20:15:49.357] [Server thread/INFO] [net.minecraft.server.network.ServerCommonPacketListenerImpl/]: Stopping singleplayer server as player logged out
[15Dez.2025 20:15:49.388] [Server thread/INFO] [net.minecraft.server.MinecraftServer/]: Stopping server
[15Dez.2025 20:15:49.388] [Server thread/INFO] [net.minecraft.server.MinecraftServer/]: Saving players
[15Dez.2025 20:15:49.388] [Server thread/INFO] [net.minecraft.server.MinecraftServer/]: Saving worlds
[15Dez.2025 20:15:49.529] [Server thread/INFO] [net.minecraft.server.MinecraftServer/]: Saving chunks for level 'ServerLevel[New World]'/minecraft:overworld
[15Dez.2025 20:15:49.552] [Server thread/INFO] [net.minecraft.server.MinecraftServer/]: Saving chunks for level 'ServerLevel[New World]'/minecraft:the_nether
[15Dez.2025 20:15:49.557] [Server thread/INFO] [net.minecraft.server.MinecraftServer/]: Saving chunks for level 'ServerLevel[New World]'/minecraft:the_end
[15Dez.2025 20:15:49.562] [Server thread/DEBUG] [net.neoforged.neoforge.common.CommonHooks/WP]: Gathered mod list to write to world save New World
[15Dez.2025 20:15:49.569] [Server thread/INFO] [net.minecraft.server.MinecraftServer/]: ThreadedAnvilChunkStorage (New World): All chunks are saved
[15Dez.2025 20:15:49.569] [Server thread/INFO] [net.minecraft.server.MinecraftServer/]: ThreadedAnvilChunkStorage (DIM-1): All chunks are saved
[15Dez.2025 20:15:49.569] [Server thread/INFO] [net.minecraft.server.MinecraftServer/]: ThreadedAnvilChunkStorage (DIM1): All chunks are saved
[15Dez.2025 20:15:49.569] [Server thread/INFO] [net.minecraft.server.MinecraftServer/]: ThreadedAnvilChunkStorage: All dimensions are saved
[15Dez.2025 20:15:49.593] [Server thread/DEBUG] [net.neoforged.fml.config.ConfigTracker/CONFIG]: Unloading configs type SERVER
