[16Dec2025 22:30:01.796] [main/INFO] [net.neoforged.fml.startup.Entrypoint/]: JVM Uptime at startup: 194ms
[16Dec2025 22:30:01.806] [main/INFO] [net.neoforged.fml.loading.FMLLoader/]: Starting FancyModLoader version 10.0.34 (CLIENT in DEV)
[16Dec2025 22:30:01.806] [main/INFO] [net.neoforged.fml.loading.FMLLoader/]: Game directory: C:\Users\chris\Desktop\Development\Java\unob\run
[16Dec2025 22:30:01.876] [main/INFO] [net.neoforged.fml.loading.EarlyServiceDiscovery/]: Found 2 early service jars (out of 105) in 26ms
[16Dec2025 22:30:01.877] [main/INFO] [net.neoforged.fml.loading.FMLLoader/]: Loading FML Early Services:
[16Dec2025 22:30:01.878] [main/INFO] [net.neoforged.fml.loading.FMLLoader/]:  - C:/Users/chris/.gradle/caches/modules-2/files-2.1/net.neoforged.fancymodloader/earlydisplay/10.0.34/6b03e4ea379214464e918a423421a654ac34ca7/earlydisplay-10.0.34.jar
[16Dec2025 22:30:01.879] [main/INFO] [net.neoforged.fml.loading.FMLLoader/]:  - C:/Users/chris/.gradle/caches/modules-2/files-2.1/net.neoforged.fancymodloader/loader/10.0.34/940266c61386e450a76e94b72f06343ab9d3417e/loader-10.0.34.jar
[16Dec2025 22:30:01.883] [main/INFO] [net.neoforged.fml.loading.ImmediateWindowHandler/]: Loading ImmediateWindowProvider fmlearlywindow
[16Dec2025 22:30:02.432] [ForkJoinPool.commonPool-worker-12/INFO] [net.neoforged.fml.loading.moddiscovery.locators.GameLocator/]: Detected a joined NeoForge and Minecraft configuration. Applying filtering...
[16Dec2025 22:30:02.566] [ForkJoinPool.commonPool-worker-12/INFO] [net.neoforged.fml.loading.moddiscovery.locators.InDevFolderLocator/CORE]: Got mod coordinates spells_n_squares%%C:\\Users\\chris\\Desktop\\Development\\Java\\unob\\build\\classes\\java\\main;spells_n_squares%%C:\\Users\\chris\\Desktop\\Development\\Java\\unob\\build\\resources\\main from env
[16Dec2025 22:30:02.642] [fml-loadingscreen/INFO] [net.neoforged.fml.earlydisplay.render.LoadingScreenRenderer/]: GL info: AMD Radeon(TM) Graphics GL version 3.3.0 Core Profile Context 25.5.1.250226, ATI Technologies Inc.
[16Dec2025 22:30:02.809] [ForkJoinPool.commonPool-worker-12/INFO] [net.neoforged.fml.loading.moddiscovery.locators.JarInJarDependencyLocator/]: Found 2 dependencies adding them to mods collection
[16Dec2025 22:30:02.811] [ForkJoinPool.commonPool-worker-12/INFO] [net.neoforged.fml.loading.moddiscovery.ModDiscoverer/]: 
     Mod List:
		Name Version (Mod Id)

		GeckoLib 5 5.4-alpha-1 (geckolib)
		Minecraft 1.21.11 (minecraft)
		NeoForge 21.11.6-beta (neoforge)
		Spells_n_Squares 1.0-SNAPSHOT (spells_n_squares)
[16Dec2025 22:30:03.187] [main/INFO] [mixin/]: SpongePowered MIXIN Subsystem Version=0.8.7 Source=file:/C:/Users/chris/.gradle/caches/modules-2/files-2.1/net.fabricmc/sponge-mixin/0.16.5+mixin.0.8.7/80fc3a9f592673cea87f4cd702f87991c6c9fe4d/sponge-mixin-0.16.5+mixin.0.8.7.jar Service=FML Env=CLIENT
[16Dec2025 22:30:03.334] [main/INFO] [net.neoforged.fml.loading.FMLLoader/]: Loading FML Plugins:
[16Dec2025 22:30:03.336] [main/INFO] [net.neoforged.fml.loading.FMLLoader/]:  - C:/Users/chris/Desktop/Development/Java/unob/build/moddev/artifacts/neoforge-21.11.6-beta.jar > net.neoforged.neoforge-coremods-21.11.6-beta.jar
[16Dec2025 22:30:03.611] [main/INFO] [net.neoforged.fml.loading.FMLLoader/]: Building game content classloader:
 - geckolib (jar(C:/Users/chris/.gradle/caches/modules-2/files-2.1/software.bernie.geckolib/geckolib-neoforge-1.21.11/5.4-alpha-1/2873c41a57e90a11c409c1ba4f92bd1c974f72a3/geckolib-neoforge-1.21.11-5.4-alpha-1.jar))
 - minecraft (composite(jar(C:/Users/chris/Desktop/Development/Java/unob/build/moddev/artifacts/neoforge-21.11.6-beta-client-extra-aka-minecraft-resources.jar), filtered(jar(C:/Users/chris/Desktop/Development/Java/unob/build/moddev/artifacts/neoforge-21.11.6-beta.jar))))
 - mixinextras.neoforge (jar(C:/Users/chris/Desktop/Development/Java/unob/build/moddev/artifacts/neoforge-21.11.6-beta.jar > mixinextras-neoforge-0.5.0.jar))
 - neoforge (composite(filtered(jar(C:/Users/chris/Desktop/Development/Java/unob/build/moddev/artifacts/neoforge-21.11.6-beta.jar))))
 - net.neoforged.fml.generated (empty(VirtualJar/net.neoforged.fml.generated))
 - spells_n_squares (composite(folder(C:/Users/chris/Desktop/Development/Java/unob/build/classes/java/main), folder(C:/Users/chris/Desktop/Development/Java/unob/build/resources/main)))
[16Dec2025 22:30:03.648] [main/INFO] [net.neoforged.fml.loading.FMLLoader/]: Built game content classloader in 59ms
[16Dec2025 22:30:03.877] [main/WARN] [mixin/]: Reference map 'geckolib.refmap.json' for geckolib.mixins.json could not be read. If this is a development environment you can ignore this message
[16Dec2025 22:30:04.365] [main/WARN] [mixin/]: Error loading class: org/jetbrains/annotations/ApiStatus$Internal (java.lang.ClassNotFoundException: org.jetbrains.annotations.ApiStatus$Internal)
[16Dec2025 22:30:04.367] [main/WARN] [mixin/]: Error loading class: org/jetbrains/annotations/ApiStatus$Internal (java.lang.ClassNotFoundException: org.jetbrains.annotations.ApiStatus$Internal)
[16Dec2025 22:30:05.961] [Datafixer Bootstrap/INFO] [com.mojang.datafixers.DataFixerBuilder/]: 290 Datafixer optimizations took 623 milliseconds
[16Dec2025 22:30:06.201] [pool-9-thread-1/INFO] [MixinExtras|Service/]: Initializing MixinExtras via com.llamalad7.mixinextras.service.MixinExtrasServiceImpl(version=0.5.0).
[16Dec2025 22:30:12.963] [main/WARN] [net.minecraft.commands.Commands/]: Ambiguity between arguments [teleport, location] and [teleport, destination] with inputs: [0.1 -0.5 .9, 0 0 0]
[16Dec2025 22:30:12.965] [main/WARN] [net.minecraft.commands.Commands/]: Ambiguity between arguments [teleport, location] and [teleport, targets] with inputs: [0.1 -0.5 .9, 0 0 0]
[16Dec2025 22:30:12.967] [main/WARN] [net.minecraft.commands.Commands/]: Ambiguity between arguments [teleport, destination] and [teleport, targets] with inputs: [Player, 0123, @e, dd12be42-52a9-4a91-a8a1-11c01849e498]
[16Dec2025 22:30:12.968] [main/WARN] [net.minecraft.commands.Commands/]: Ambiguity between arguments [teleport, targets] and [teleport, destination] with inputs: [Player, 0123, dd12be42-52a9-4a91-a8a1-11c01849e498]
[16Dec2025 22:30:12.969] [main/WARN] [net.minecraft.commands.Commands/]: Ambiguity between arguments [teleport, targets, location] and [teleport, targets, destination] with inputs: [0.1 -0.5 .9, 0 0 0]
[16Dec2025 22:30:12.971] [main/WARN] [net.minecraft.commands.Commands/]: Ambiguity between arguments [waypoint, modify, waypoint, color, reset] and [waypoint, modify, waypoint, color, color] with inputs: [reset]
[16Dec2025 22:30:13.055] [modloading-worker-0/INFO] [net.neoforged.neoforge.common.NeoForgeMod/NEOFORGE-MOD]: NeoForge mod loading, version 21.11.6-beta, for MC 1.21.11
[16Dec2025 22:30:13.094] [modloading-worker-0/INFO] [at.koopro.spells_n_squares.core.registry.AddonRegistry/]: Discovering addons for Spells_n_Squares...
[16Dec2025 22:30:13.095] [modloading-worker-0/INFO] [at.koopro.spells_n_squares.core.registry.AddonRegistry/]: No addons discovered
[16Dec2025 22:30:13.476] [modloading-sync-worker/ERROR] [net.minecraft.util.Util/]: Entity spells_n_squares:owl has no attributes
[16Dec2025 22:30:13.678] [Render thread/INFO] [com.mojang.authlib.yggdrasil.YggdrasilAuthenticationService/]: Environment: Environment[sessionHost=https://sessionserver.mojang.com, servicesHost=https://api.minecraftservices.com, profilesHost=https://api.mojang.com, name=PROD]
[16Dec2025 22:30:13.696] [Render thread/INFO] [net.minecraft.client.Minecraft/]: Setting user: Dev
[16Dec2025 22:30:13.809] [Render thread/INFO] [net.minecraft.client.Minecraft/]: Backend library: LWJGL version 3.3.3+5
[16Dec2025 22:30:13.965] [Render thread/INFO] [net.minecraft.client.Minecraft/]: Using optional rendering extensions: GL_ARB_buffer_storage, GL_KHR_debug, GL_ARB_vertex_attrib_binding, GL_ARB_direct_state_access, GL_EXT_texture_filter_anisotropic
[16Dec2025 22:30:14.749] [Render thread/INFO] [net.minecraft.server.packs.resources.ReloadableResourceManager/]: Reloading ResourceManager: vanilla, mod_resources, mod/spells_n_squares, mod/geckolib, mod/neoforge
[16Dec2025 22:30:14.776] [resourceLoad/INFO] [at.koopro.spells_n_squares.core.api.SpellFeature/]: Initializing Spells_n_Squares spell feature
[16Dec2025 22:30:14.986] [resourceLoad/WARN] [net.minecraft.client.sounds.SoundManager/]: File spells_n_squares:sounds/flashlight_on.ogg does not exist, cannot add it to event spells_n_squares:flashlight_on
[16Dec2025 22:30:14.986] [resourceLoad/WARN] [net.minecraft.client.sounds.SoundManager/]: File spells_n_squares:sounds/flashlight_off.ogg does not exist, cannot add it to event spells_n_squares:flashlight_off
[16Dec2025 22:30:14.986] [resourceLoad/WARN] [net.minecraft.client.sounds.SoundManager/]: File spells_n_squares:sounds/lumos.ogg does not exist, cannot add it to event spells_n_squares:lumos
[16Dec2025 22:30:14.986] [resourceLoad/WARN] [net.minecraft.client.sounds.SoundManager/]: File spells_n_squares:sounds/nox.ogg does not exist, cannot add it to event spells_n_squares:nox
[16Dec2025 22:30:15.135] [Render thread/INFO] [at.koopro.spells_n_squares.core.api.SpellFeature/]: Registered 7 spells
[16Dec2025 22:30:15.225] [resourceLoad/INFO] [net.minecraft.client.gui.font.providers.UnihexProvider/]: Found unifont_pua-17.0.01.hex, loading
[16Dec2025 22:30:15.225] [resourceLoad/INFO] [net.minecraft.client.gui.font.providers.UnihexProvider/]: Found unifont_all_no_pua-17.0.01.hex, loading
[16Dec2025 22:30:15.324] [resourceLoad/INFO] [at.koopro.spells_n_squares.init.ClientInitialization/]: Client setup complete - Spells_n_Squares mod ready
[16Dec2025 22:30:15.325] [resourceLoad/INFO] [net.minecraft.client.gui.font.providers.UnihexProvider/]: Found unifont_jp_patch-17.0.01.hex, loading
[16Dec2025 22:30:15.904] [resourceLoad/WARN] [net.minecraft.client.resources.model.ModelDiscovery/]: Missing block model: spells_n_squares:item/fleshlight
[16Dec2025 22:30:15.907] [resourceLoad/WARN] [net.minecraft.client.resources.model.ModelDiscovery/]: Missing block model: minecraft:builtin/entity
[16Dec2025 22:30:16.311] [resourceLoad/WARN] [net.minecraft.client.resources.model.ModelManager/]: Missing textures in model spells_n_squares:item/demiguise_cloak:
    minecraft:block_or_item:spells_n_squares:item/demiguise_cloak
[16Dec2025 22:30:16.311] [resourceLoad/WARN] [net.minecraft.client.resources.model.ModelManager/]: Missing textures in model spells_n_squares:item/deathly_hallow_cloak:
    minecraft:block_or_item:spells_n_squares:item/deathly_hallow_cloak
[16Dec2025 22:30:16.324] [resourceLoad/WARN] [net.minecraft.client.resources.model.ModelManager/]: Missing model for variant: 'Block{spells_n_squares:magical_trunk}'
[16Dec2025 22:30:16.324] [resourceLoad/WARN] [net.minecraft.client.resources.model.ModelManager/]: Missing model for variant: 'Block{spells_n_squares:auto_sort_chest}'
[16Dec2025 22:30:16.324] [resourceLoad/WARN] [net.minecraft.client.resources.model.ModelManager/]: Missing model for variant: 'Block{spells_n_squares:notice_board}'
[16Dec2025 22:30:16.324] [resourceLoad/WARN] [net.minecraft.client.resources.model.ModelManager/]: Missing model for variant: 'Block{spells_n_squares:self_stirring_cauldron}'
[16Dec2025 22:30:16.324] [resourceLoad/WARN] [net.minecraft.client.resources.model.ModelManager/]: Missing model for variant: 'Block{spells_n_squares:magical_furnace}'
[16Dec2025 22:30:16.324] [resourceLoad/WARN] [net.minecraft.client.resources.model.ModelManager/]: Missing model for variant: 'Block{spells_n_squares:magical_light_white}'
[16Dec2025 22:30:16.324] [resourceLoad/WARN] [net.minecraft.client.resources.model.ModelManager/]: Missing model for variant: 'Block{spells_n_squares:magical_light_blue}'
[16Dec2025 22:30:16.324] [resourceLoad/WARN] [net.minecraft.client.resources.model.ModelManager/]: Missing model for variant: 'Block{spells_n_squares:magical_light_green}'
[16Dec2025 22:30:16.324] [resourceLoad/WARN] [net.minecraft.client.resources.model.ModelManager/]: Missing model for variant: 'Block{spells_n_squares:magical_light_red}'
[16Dec2025 22:30:16.324] [resourceLoad/WARN] [net.minecraft.client.resources.model.ModelManager/]: Missing model for variant: 'Block{spells_n_squares:magical_light_purple}'
[16Dec2025 22:30:16.325] [resourceLoad/WARN] [net.minecraft.client.resources.model.ModelManager/]: Missing model for variant: 'Block{spells_n_squares:magical_light_gold}'
[16Dec2025 22:30:16.325] [resourceLoad/WARN] [net.minecraft.client.resources.model.ModelManager/]: Missing model for variant: 'Block{spells_n_squares:magical_farm}'
[16Dec2025 22:30:16.325] [resourceLoad/WARN] [net.minecraft.client.resources.model.ModelManager/]: Missing model for variant: 'Block{spells_n_squares:item_collector}'
[16Dec2025 22:30:16.325] [resourceLoad/WARN] [net.minecraft.client.resources.model.ModelManager/]: Missing model for variant: 'Block{spells_n_squares:magical_composter}'
[16Dec2025 22:30:16.325] [resourceLoad/WARN] [net.minecraft.client.resources.model.ModelManager/]: Missing model for variant: 'Block{spells_n_squares:resource_generator}'
[16Dec2025 22:30:16.852] [Render thread/ERROR] [net.minecraft.client.sounds.SoundManager/]: Missing subtitle translation{key='subtitles.spells_n_squares.nox', args=[]} for sound event: spells_n_squares:nox
[16Dec2025 22:30:16.853] [Render thread/ERROR] [net.minecraft.client.sounds.SoundManager/]: Missing subtitle translation{key='subtitles.spells_n_squares.lumos', args=[]} for sound event: spells_n_squares:lumos
[16Dec2025 22:30:17.192] [Render thread/INFO] [com.mojang.blaze3d.audio.Library/]: OpenAL initialized on device OpenAL Soft on Lautsprecher (Realtek(R) Audio)
[16Dec2025 22:30:17.192] [Render thread/INFO] [net.minecraft.client.sounds.SoundEngine/SOUNDS]: Sound engine started
[16Dec2025 22:30:17.193] [Render thread/INFO] [net.minecraft.client.renderer.texture.TextureAtlas/]: Created: 512x256x0 minecraft:textures/atlas/particles.png-atlas
[16Dec2025 22:30:17.206] [Render thread/INFO] [net.minecraft.client.renderer.texture.TextureAtlas/]: Created: 128x128x0 minecraft:textures/atlas/decorated_pot.png-atlas
[16Dec2025 22:30:17.207] [Render thread/INFO] [net.minecraft.client.renderer.texture.TextureAtlas/]: Created: 2048x1024x0 minecraft:textures/atlas/armor_trims.png-atlas
[16Dec2025 22:30:17.219] [Render thread/INFO] [net.minecraft.client.renderer.texture.TextureAtlas/]: Created: 512x256x0 minecraft:textures/atlas/paintings.png-atlas
[16Dec2025 22:30:17.220] [Render thread/INFO] [net.minecraft.client.renderer.texture.TextureAtlas/]: Created: 1024x512x0 minecraft:textures/atlas/shield_patterns.png-atlas
[16Dec2025 22:30:17.221] [Render thread/INFO] [net.minecraft.client.renderer.texture.TextureAtlas/]: Created: 2048x2048x4 minecraft:textures/atlas/blocks.png-atlas
[16Dec2025 22:30:17.261] [Render thread/INFO] [net.minecraft.client.renderer.texture.TextureAtlas/]: Created: 512x512x0 minecraft:textures/atlas/chest.png-atlas
[16Dec2025 22:30:17.262] [Render thread/INFO] [net.minecraft.client.renderer.texture.TextureAtlas/]: Created: 256x128x0 minecraft:textures/atlas/celestials.png-atlas
[16Dec2025 22:30:17.263] [Render thread/INFO] [net.minecraft.client.renderer.texture.TextureAtlas/]: Created: 1024x512x0 minecraft:textures/atlas/banner_patterns.png-atlas
[16Dec2025 22:30:17.265] [Render thread/INFO] [net.minecraft.client.renderer.texture.TextureAtlas/]: Created: 512x512x0 minecraft:textures/atlas/beds.png-atlas
[16Dec2025 22:30:17.268] [Render thread/INFO] [net.minecraft.client.renderer.texture.TextureAtlas/]: Created: 1024x512x0 minecraft:textures/atlas/items.png-atlas
[16Dec2025 22:30:17.296] [Render thread/INFO] [net.minecraft.client.renderer.texture.TextureAtlas/]: Created: 1024x1024x0 minecraft:textures/atlas/gui.png-atlas
[16Dec2025 22:30:17.327] [Render thread/INFO] [net.minecraft.client.renderer.texture.TextureAtlas/]: Created: 128x64x0 minecraft:textures/atlas/map_decorations.png-atlas
[16Dec2025 22:30:17.328] [Render thread/INFO] [net.minecraft.client.renderer.texture.TextureAtlas/]: Created: 512x256x0 minecraft:textures/atlas/signs.png-atlas
[16Dec2025 22:30:17.328] [Render thread/INFO] [net.minecraft.client.renderer.texture.TextureAtlas/]: Created: 512x512x0 minecraft:textures/atlas/shulker_boxes.png-atlas
[16Dec2025 22:30:17.448] [Render thread/WARN] [net.minecraft.client.resources.model.ModelManager/]: No model loaded for default item model ID spells_n_squares:revealer_dust of spells_n_squares:revealer_dust
[16Dec2025 22:30:17.448] [Render thread/WARN] [net.minecraft.client.resources.model.ModelManager/]: No model loaded for default item model ID spells_n_squares:time_turner of spells_n_squares:time_turner
[16Dec2025 22:30:17.448] [Render thread/WARN] [net.minecraft.client.resources.model.ModelManager/]: No model loaded for default item model ID spells_n_squares:sneakoscope of spells_n_squares:sneakoscope
[16Dec2025 22:30:17.449] [Render thread/WARN] [net.minecraft.client.resources.model.ModelManager/]: No model loaded for default item model ID spells_n_squares:enchanted_bag_small of spells_n_squares:enchanted_bag_small
[16Dec2025 22:30:17.449] [Render thread/WARN] [net.minecraft.client.resources.model.ModelManager/]: No model loaded for default item model ID spells_n_squares:enchanted_bag_medium of spells_n_squares:enchanted_bag_medium
[16Dec2025 22:30:17.449] [Render thread/WARN] [net.minecraft.client.resources.model.ModelManager/]: No model loaded for default item model ID spells_n_squares:enchanted_bag_large of spells_n_squares:enchanted_bag_large
[16Dec2025 22:30:17.449] [Render thread/WARN] [net.minecraft.client.resources.model.ModelManager/]: No model loaded for default item model ID spells_n_squares:enchanted_bag_bottomless of spells_n_squares:enchanted_bag_bottomless
[16Dec2025 22:30:17.449] [Render thread/WARN] [net.minecraft.client.resources.model.ModelManager/]: No model loaded for default item model ID spells_n_squares:pocket_dimension of spells_n_squares:pocket_dimension
[16Dec2025 22:30:17.449] [Render thread/WARN] [net.minecraft.client.resources.model.ModelManager/]: No model loaded for default item model ID spells_n_squares:portkey of spells_n_squares:portkey
[16Dec2025 22:30:17.449] [Render thread/WARN] [net.minecraft.client.resources.model.ModelManager/]: No model loaded for default item model ID spells_n_squares:floo_powder of spells_n_squares:floo_powder
[16Dec2025 22:30:17.449] [Render thread/WARN] [net.minecraft.client.resources.model.ModelManager/]: No model loaded for default item model ID spells_n_squares:broomstick_basic of spells_n_squares:broomstick_basic
[16Dec2025 22:30:17.449] [Render thread/WARN] [net.minecraft.client.resources.model.ModelManager/]: No model loaded for default item model ID spells_n_squares:broomstick_racing of spells_n_squares:broomstick_racing
[16Dec2025 22:30:17.449] [Render thread/WARN] [net.minecraft.client.resources.model.ModelManager/]: No model loaded for default item model ID spells_n_squares:broomstick_firebolt of spells_n_squares:broomstick_firebolt
[16Dec2025 22:30:17.449] [Render thread/WARN] [net.minecraft.client.resources.model.ModelManager/]: No model loaded for default item model ID spells_n_squares:two_way_mirror of spells_n_squares:two_way_mirror
[16Dec2025 22:30:17.449] [Render thread/WARN] [net.minecraft.client.resources.model.ModelManager/]: No model loaded for default item model ID spells_n_squares:enchanted_workbench of spells_n_squares:enchanted_workbench
[16Dec2025 22:30:17.449] [Render thread/WARN] [net.minecraft.client.resources.model.ModelManager/]: No model loaded for default item model ID spells_n_squares:auto_harvest_hoe of spells_n_squares:auto_harvest_hoe
[16Dec2025 22:30:17.449] [Render thread/WARN] [net.minecraft.client.resources.model.ModelManager/]: No model loaded for default item model ID spells_n_squares:wizard_tower of spells_n_squares:wizard_tower
[16Dec2025 22:30:17.449] [Render thread/WARN] [net.minecraft.client.resources.model.ModelManager/]: No model loaded for default item model ID spells_n_squares:magical_map of spells_n_squares:magical_map
[16Dec2025 22:30:17.449] [Render thread/WARN] [net.minecraft.client.resources.model.ModelManager/]: No model loaded for default item model ID spells_n_squares:location_compass of spells_n_squares:location_compass
[16Dec2025 22:30:17.449] [Render thread/WARN] [net.minecraft.client.resources.model.ModelManager/]: No model loaded for default item model ID spells_n_squares:magical_journal of spells_n_squares:magical_journal
[16Dec2025 22:30:17.449] [Render thread/WARN] [net.minecraft.client.resources.model.ModelManager/]: No model loaded for default item model ID spells_n_squares:gryffindor_robe_chest of spells_n_squares:gryffindor_robe_chest
[16Dec2025 22:30:17.449] [Render thread/WARN] [net.minecraft.client.resources.model.ModelManager/]: No model loaded for default item model ID spells_n_squares:gryffindor_robe_legs of spells_n_squares:gryffindor_robe_legs
[16Dec2025 22:30:17.449] [Render thread/WARN] [net.minecraft.client.resources.model.ModelManager/]: No model loaded for default item model ID spells_n_squares:gryffindor_robe_boots of spells_n_squares:gryffindor_robe_boots
[16Dec2025 22:30:17.449] [Render thread/WARN] [net.minecraft.client.resources.model.ModelManager/]: No model loaded for default item model ID spells_n_squares:slytherin_robe_chest of spells_n_squares:slytherin_robe_chest
[16Dec2025 22:30:17.449] [Render thread/WARN] [net.minecraft.client.resources.model.ModelManager/]: No model loaded for default item model ID spells_n_squares:slytherin_robe_legs of spells_n_squares:slytherin_robe_legs
[16Dec2025 22:30:17.449] [Render thread/WARN] [net.minecraft.client.resources.model.ModelManager/]: No model loaded for default item model ID spells_n_squares:slytherin_robe_boots of spells_n_squares:slytherin_robe_boots
[16Dec2025 22:30:17.449] [Render thread/WARN] [net.minecraft.client.resources.model.ModelManager/]: No model loaded for default item model ID spells_n_squares:hufflepuff_robe_chest of spells_n_squares:hufflepuff_robe_chest
[16Dec2025 22:30:17.449] [Render thread/WARN] [net.minecraft.client.resources.model.ModelManager/]: No model loaded for default item model ID spells_n_squares:hufflepuff_robe_legs of spells_n_squares:hufflepuff_robe_legs
[16Dec2025 22:30:17.450] [Render thread/WARN] [net.minecraft.client.resources.model.ModelManager/]: No model loaded for default item model ID spells_n_squares:hufflepuff_robe_boots of spells_n_squares:hufflepuff_robe_boots
[16Dec2025 22:30:17.450] [Render thread/WARN] [net.minecraft.client.resources.model.ModelManager/]: No model loaded for default item model ID spells_n_squares:ravenclaw_robe_chest of spells_n_squares:ravenclaw_robe_chest
[16Dec2025 22:30:17.450] [Render thread/WARN] [net.minecraft.client.resources.model.ModelManager/]: No model loaded for default item model ID spells_n_squares:ravenclaw_robe_legs of spells_n_squares:ravenclaw_robe_legs
[16Dec2025 22:30:17.450] [Render thread/WARN] [net.minecraft.client.resources.model.ModelManager/]: No model loaded for default item model ID spells_n_squares:ravenclaw_robe_boots of spells_n_squares:ravenclaw_robe_boots
[16Dec2025 22:30:17.453] [Render thread/INFO] [net.neoforged.neoforge.client.entity.animation.json.AnimationLoader/]: Loaded 0 entity animations
[16Dec2025 22:30:24.994] [Render thread/INFO] [net.minecraft.world.item.crafting.RecipeManager/]: Loaded 1470 recipes
[16Dec2025 22:30:25.003] [Render thread/INFO] [net.minecraft.advancements.AdvancementTree/]: Loaded 1584 advancements
[16Dec2025 22:30:25.005] [Render thread/INFO] [net.neoforged.neoforge.common.crafting.RecipePriorityManager/]: Loaded 0 recipe priority overrides
[16Dec2025 22:30:25.174] [Server thread/INFO] [net.minecraft.client.server.IntegratedServer/]: Starting integrated minecraft server version 1.21.11
[16Dec2025 22:30:25.174] [Server thread/INFO] [net.minecraft.server.MinecraftServer/]: Generating keypair
[16Dec2025 22:30:25.503] [Server thread/INFO] [net.minecraft.server.level.progress.LoggingLevelLoadListener/]: Loading 0 persistent chunks...
[16Dec2025 22:30:25.517] [Server thread/INFO] [net.neoforged.neoforge.server.permission.PermissionAPI/]: Successfully initialized permission handler neoforge:default_handler
[16Dec2025 22:30:25.519] [Server thread/INFO] [at.koopro.spells_n_squares.init.ServerEventHandler/]: Server starting - Spells_n_Squares mod ready
[16Dec2025 22:30:25.901] [Server thread/INFO] [net.minecraft.server.level.progress.LoggingLevelLoadListener/]: Loading 49 chunks for player spawn...
[16Dec2025 22:30:25.901] [Server thread/INFO] [net.minecraft.server.level.progress.LoggingLevelLoadListener/]: Preparing spawn area: 16%
[16Dec2025 22:30:26.034] [Server thread/INFO] [net.minecraft.server.level.progress.LoggingLevelLoadListener/]: Preparing spawn area: 16%
[16Dec2025 22:30:26.177] [Server thread/INFO] [net.minecraft.server.level.progress.LoggingLevelLoadListener/]: Time elapsed: 673 ms
[16Dec2025 22:30:26.496] [Server thread/INFO] [net.minecraft.server.players.PlayerList/]: Dev[local:E:e36b2d9f] logged in with entity id 2 at (-33.5, 56.0, 7.5)
[16Dec2025 22:30:26.569] [Server thread/INFO] [net.minecraft.server.MinecraftServer/]: Dev joined the game
[16Dec2025 22:30:26.794] [Render thread/WARN] [net.minecraft.client.multiplayer.ClientPacketListener/]: Ignoring chat session from Dev due to missing Services public key
[16Dec2025 22:30:26.798] [Server thread/INFO] [net.minecraft.client.server.IntegratedServer/]: Changing view distance to 16, from 10
[16Dec2025 22:30:26.802] [Server thread/INFO] [net.minecraft.client.server.IntegratedServer/]: Changing simulation distance to 12, from 0
[16Dec2025 22:30:26.803] [Render thread/INFO] [net.minecraft.advancements.AdvancementTree/]: Loaded 15 advancements
[16Dec2025 22:30:26.975] [Render thread/INFO] [net.minecraft.client.renderer.DynamicUniformStorage/]: Resizing Dynamic Transforms UBO, capacity limit of 2 reached during a single frame. New capacity will be 4.
[16Dec2025 22:30:27.106] [Render thread/INFO] [net.minecraft.client.renderer.DynamicUniformStorage/]: Resizing Dynamic Transforms UBO, capacity limit of 4 reached during a single frame. New capacity will be 8.
[16Dec2025 22:30:27.467] [Render thread/INFO] [net.minecraft.client.renderer.DynamicUniformStorage/]: Resizing Dynamic Transforms UBO, capacity limit of 8 reached during a single frame. New capacity will be 16.
[16Dec2025 22:30:27.534] [Render thread/INFO] [net.minecraft.client.renderer.DynamicUniformStorage/]: Resizing Chunk Sections UBO, capacity limit of 2 reached during a single frame. New capacity will be 8.
[16Dec2025 22:30:27.595] [Render thread/WARN] [net.minecraft.client.renderer.texture.TextureManager/]: Missing resource spells_n_squares:textures/spell/heal.png referenced from spells_n_squares:textures/spell/heal.png
[16Dec2025 22:30:27.595] [Render thread/WARN] [net.minecraft.client.renderer.texture.TextureManager/]: Missing resource spells_n_squares:textures/spell/heal.png referenced from spells_n_squares:textures/spell/heal.png
[16Dec2025 22:30:27.597] [Render thread/WARN] [net.minecraft.client.renderer.texture.TextureManager/]: Missing resource spells_n_squares:textures/spell/fireball.png referenced from spells_n_squares:textures/spell/fireball.png
[16Dec2025 22:30:27.598] [Render thread/WARN] [net.minecraft.client.renderer.texture.TextureManager/]: Missing resource spells_n_squares:textures/spell/fireball.png referenced from spells_n_squares:textures/spell/fireball.png
[16Dec2025 22:30:27.598] [Render thread/WARN] [net.minecraft.client.renderer.texture.TextureManager/]: Missing resource spells_n_squares:textures/spell/lightning.png referenced from spells_n_squares:textures/spell/lightning.png
[16Dec2025 22:30:27.598] [Render thread/WARN] [net.minecraft.client.renderer.texture.TextureManager/]: Missing resource spells_n_squares:textures/spell/lightning.png referenced from spells_n_squares:textures/spell/lightning.png
[16Dec2025 22:30:27.943] [Render thread/INFO] [net.minecraft.client.renderer.DynamicUniformStorage/]: Resizing Chunk Sections UBO, capacity limit of 8 reached during a single frame. New capacity will be 16.
[16Dec2025 22:30:27.989] [Render thread/INFO] [net.minecraft.client.renderer.DynamicUniformStorage/]: Resizing Chunk Sections UBO, capacity limit of 16 reached during a single frame. New capacity will be 32.
[16Dec2025 22:30:28.163] [Render thread/INFO] [net.minecraft.client.renderer.DynamicUniformStorage/]: Resizing Chunk Sections UBO, capacity limit of 32 reached during a single frame. New capacity will be 64.
[16Dec2025 22:30:28.284] [Render thread/INFO] [net.minecraft.client.renderer.DynamicUniformStorage/]: Resizing Chunk Sections UBO, capacity limit of 64 reached during a single frame. New capacity will be 128.
[16Dec2025 22:30:29.060] [Render thread/INFO] [net.minecraft.client.renderer.DynamicUniformStorage/]: Resizing Chunk Sections UBO, capacity limit of 128 reached during a single frame. New capacity will be 256.
[16Dec2025 22:30:29.307] [Render thread/INFO] [net.minecraft.client.renderer.DynamicUniformStorage/]: Resizing Chunk Sections UBO, capacity limit of 256 reached during a single frame. New capacity will be 512.
[16Dec2025 22:30:34.637] [Render thread/INFO] [net.minecraft.client.gui.components.ChatComponent/]: [System] [CHAT] No waypoints set
[16Dec2025 22:30:37.720] [Server thread/INFO] [net.minecraft.client.server.IntegratedServer/]: Saving and pausing game...
[16Dec2025 22:30:37.749] [Server thread/INFO] [net.minecraft.server.MinecraftServer/]: Saving chunks for level 'ServerLevel[New World]'/minecraft:overworld
[16Dec2025 22:30:37.762] [Server thread/INFO] [net.minecraft.server.MinecraftServer/]: Saving chunks for level 'ServerLevel[New World]'/minecraft:the_nether
[16Dec2025 22:30:37.764] [Server thread/INFO] [net.minecraft.server.MinecraftServer/]: Saving chunks for level 'ServerLevel[New World]'/minecraft:the_end
[16Dec2025 22:30:47.079] [Render thread/INFO] [net.minecraft.client.gui.components.ChatComponent/]: [System] [CHAT] Waypoint 'auto' created!
[16Dec2025 22:30:52.896] [Render thread/INFO] [net.minecraft.client.gui.components.ChatComponent/]: [System] [CHAT] Waypoint 'auto2' created!
[16Dec2025 22:31:00.246] [Render thread/WARN] [net.minecraft.client.renderer.texture.TextureManager/]: Missing resource spells_n_squares:textures/spell/teleport.png referenced from spells_n_squares:textures/spell/teleport.png
[16Dec2025 22:31:00.246] [Render thread/WARN] [net.minecraft.client.renderer.texture.TextureManager/]: Missing resource spells_n_squares:textures/spell/teleport.png referenced from spells_n_squares:textures/spell/teleport.png
[16Dec2025 22:31:00.249] [Render thread/WARN] [net.minecraft.client.renderer.texture.TextureManager/]: Missing resource spells_n_squares:textures/spell/lumos.png referenced from spells_n_squares:textures/spell/lumos.png
[16Dec2025 22:31:00.249] [Render thread/WARN] [net.minecraft.client.renderer.texture.TextureManager/]: Missing resource spells_n_squares:textures/spell/lumos.png referenced from spells_n_squares:textures/spell/lumos.png
[16Dec2025 22:31:09.540] [Render thread/INFO] [net.minecraft.client.gui.components.ChatComponent/]: [System] [CHAT] Apparated to waypoint 'auto2'
[16Dec2025 22:31:14.884] [Render thread/INFO] [net.minecraft.client.gui.components.ChatComponent/]: [System] [CHAT] Apparated to waypoint 'auto'
[16Dec2025 22:32:11.575] [Server thread/WARN] [net.minecraft.world.entity.EntityType/]: Exception loading entity: 
java.lang.NullPointerException: Cannot invoke "net.minecraft.world.entity.ai.attributes.AttributeSupplier.getValue(net.minecraft.core.Holder)" because "this.supplier" is null
	at TRANSFORMER/minecraft@1.21.11/net.minecraft.world.entity.ai.attributes.AttributeMap.getValue(AttributeMap.java:60) ~[neoforge-21.11.6-beta-client-extra-aka-minecraft-resources.jar:?]
	at TRANSFORMER/minecraft@1.21.11/net.minecraft.world.entity.LivingEntity.getAttributeValue(LivingEntity.java:2186) ~[neoforge-21.11.6-beta-client-extra-aka-minecraft-resources.jar:?]
	at TRANSFORMER/minecraft@1.21.11/net.minecraft.world.entity.LivingEntity.getMaxHealth(LivingEntity.java:1974) ~[neoforge-21.11.6-beta-client-extra-aka-minecraft-resources.jar:?]
	at TRANSFORMER/minecraft@1.21.11/net.minecraft.world.entity.LivingEntity.<init>(LivingEntity.java:288) ~[neoforge-21.11.6-beta-client-extra-aka-minecraft-resources.jar:?]
	at TRANSFORMER/minecraft@1.21.11/net.minecraft.world.entity.Mob.<init>(Mob.java:149) ~[neoforge-21.11.6-beta-client-extra-aka-minecraft-resources.jar:?]
	at TRANSFORMER/spells_n_squares@1.0-SNAPSHOT/at.koopro.spells_n_squares.features.communication.OwlEntity.<init>(OwlEntity.java:34) ~[main/:?]
	at TRANSFORMER/minecraft@1.21.11/net.minecraft.world.entity.EntityType.create(EntityType.java:1497) ~[neoforge-21.11.6-beta-client-extra-aka-minecraft-resources.jar:?]
	at TRANSFORMER/minecraft@1.21.11/net.minecraft.world.entity.EntityType.lambda$create$24(EntityType.java:1502) ~[neoforge-21.11.6-beta-client-extra-aka-minecraft-resources.jar:?]
	at java.base/java.util.Optional.map(Optional.java:260) ~[?:?]
	at TRANSFORMER/minecraft@1.21.11/net.minecraft.world.entity.EntityType.create(EntityType.java:1502) ~[neoforge-21.11.6-beta-client-extra-aka-minecraft-resources.jar:?]
	at TRANSFORMER/minecraft@1.21.11/net.minecraft.world.entity.EntityType.loadStaticEntity(EntityType.java:1600) ~[neoforge-21.11.6-beta-client-extra-aka-minecraft-resources.jar:?]
	at TRANSFORMER/minecraft@1.21.11/net.minecraft.world.entity.EntityType.loadEntityRecursive(EntityType.java:1563) ~[neoforge-21.11.6-beta-client-extra-aka-minecraft-resources.jar:?]
	at TRANSFORMER/minecraft@1.21.11/net.minecraft.world.entity.EntityType.loadEntityRecursive(EntityType.java:1541) ~[neoforge-21.11.6-beta-client-extra-aka-minecraft-resources.jar:?]
	at TRANSFORMER/minecraft@1.21.11/net.minecraft.server.commands.SummonCommand.createEntity(SummonCommand.java:92) ~[neoforge-21.11.6-beta-client-extra-aka-minecraft-resources.jar:?]
	at TRANSFORMER/minecraft@1.21.11/net.minecraft.server.commands.SummonCommand.spawnEntity(SummonCommand.java:117) ~[neoforge-21.11.6-beta-client-extra-aka-minecraft-resources.jar:?]
	at TRANSFORMER/minecraft@1.21.11/net.minecraft.server.commands.SummonCommand.lambda$register$0(SummonCommand.java:44) ~[neoforge-21.11.6-beta-client-extra-aka-minecraft-resources.jar:?]
	at com.mojang.brigadier.context.ContextChain.runExecutable(ContextChain.java:73) ~[brigadier-1.3.10.jar:?]
	at TRANSFORMER/minecraft@1.21.11/net.minecraft.commands.execution.tasks.ExecuteCommand.execute(ExecuteCommand.java:29) ~[neoforge-21.11.6-beta-client-extra-aka-minecraft-resources.jar:?]
	at TRANSFORMER/minecraft@1.21.11/net.minecraft.commands.execution.tasks.ExecuteCommand.execute(ExecuteCommand.java:13) ~[neoforge-21.11.6-beta-client-extra-aka-minecraft-resources.jar:?]
	at TRANSFORMER/minecraft@1.21.11/net.minecraft.commands.execution.UnboundEntryAction.lambda$bind$0(UnboundEntryAction.java:8) ~[neoforge-21.11.6-beta-client-extra-aka-minecraft-resources.jar:?]
	at TRANSFORMER/minecraft@1.21.11/net.minecraft.commands.execution.CommandQueueEntry.execute(CommandQueueEntry.java:5) ~[neoforge-21.11.6-beta-client-extra-aka-minecraft-resources.jar:?]
	at TRANSFORMER/minecraft@1.21.11/net.minecraft.commands.execution.ExecutionContext.runCommandQueue(ExecutionContext.java:102) ~[neoforge-21.11.6-beta-client-extra-aka-minecraft-resources.jar:?]
	at TRANSFORMER/minecraft@1.21.11/net.minecraft.commands.Commands.executeCommandInContext(Commands.java:416) ~[neoforge-21.11.6-beta-client-extra-aka-minecraft-resources.jar:?]
	at TRANSFORMER/minecraft@1.21.11/net.minecraft.commands.Commands.performCommand(Commands.java:337) ~[neoforge-21.11.6-beta-client-extra-aka-minecraft-resources.jar:?]
	at TRANSFORMER/minecraft@1.21.11/net.minecraft.server.network.ServerGamePacketListenerImpl.performUnsignedChatCommand(ServerGamePacketListenerImpl.java:1504) ~[neoforge-21.11.6-beta-client-extra-aka-minecraft-resources.jar:?]
	at TRANSFORMER/minecraft@1.21.11/net.minecraft.server.network.ServerGamePacketListenerImpl.lambda$handleChatCommand$8(ServerGamePacketListenerImpl.java:1491) ~[neoforge-21.11.6-beta-client-extra-aka-minecraft-resources.jar:?]
	at TRANSFORMER/minecraft@1.21.11/net.minecraft.server.TickTask.run(TickTask.java:18) ~[neoforge-21.11.6-beta-client-extra-aka-minecraft-resources.jar:?]
	at TRANSFORMER/minecraft@1.21.11/net.minecraft.util.thread.BlockableEventLoop.doRunTask(BlockableEventLoop.java:157) ~[neoforge-21.11.6-beta-client-extra-aka-minecraft-resources.jar:?]
	at TRANSFORMER/minecraft@1.21.11/net.minecraft.util.thread.ReentrantBlockableEventLoop.doRunTask(ReentrantBlockableEventLoop.java:24) ~[neoforge-21.11.6-beta-client-extra-aka-minecraft-resources.jar:?]
	at TRANSFORMER/minecraft@1.21.11/net.minecraft.server.MinecraftServer.doRunTask(MinecraftServer.java:956) ~[neoforge-21.11.6-beta-client-extra-aka-minecraft-resources.jar:?]
	at TRANSFORMER/minecraft@1.21.11/net.minecraft.server.MinecraftServer.doRunTask(MinecraftServer.java:189) ~[neoforge-21.11.6-beta-client-extra-aka-minecraft-resources.jar:?]
	at TRANSFORMER/minecraft@1.21.11/net.minecraft.util.thread.BlockableEventLoop.pollTask(BlockableEventLoop.java:131) ~[neoforge-21.11.6-beta-client-extra-aka-minecraft-resources.jar:?]
	at TRANSFORMER/minecraft@1.21.11/net.minecraft.server.MinecraftServer.pollTaskInternal(MinecraftServer.java:939) ~[neoforge-21.11.6-beta-client-extra-aka-minecraft-resources.jar:?]
	at TRANSFORMER/minecraft@1.21.11/net.minecraft.server.MinecraftServer.pollTask(MinecraftServer.java:933) ~[neoforge-21.11.6-beta-client-extra-aka-minecraft-resources.jar:?]
	at TRANSFORMER/minecraft@1.21.11/net.minecraft.util.thread.BlockableEventLoop.managedBlock(BlockableEventLoop.java:141) ~[neoforge-21.11.6-beta-client-extra-aka-minecraft-resources.jar:?]
	at TRANSFORMER/minecraft@1.21.11/net.minecraft.server.MinecraftServer.managedBlock(MinecraftServer.java:894) ~[neoforge-21.11.6-beta-client-extra-aka-minecraft-resources.jar:?]
	at TRANSFORMER/minecraft@1.21.11/net.minecraft.server.MinecraftServer.waitUntilNextTick(MinecraftServer.java:906) ~[neoforge-21.11.6-beta-client-extra-aka-minecraft-resources.jar:?]
	at TRANSFORMER/minecraft@1.21.11/net.minecraft.server.MinecraftServer.runServer(MinecraftServer.java:786) ~[neoforge-21.11.6-beta-client-extra-aka-minecraft-resources.jar:?]
	at TRANSFORMER/minecraft@1.21.11/net.minecraft.server.MinecraftServer.lambda$spin$2(MinecraftServer.java:287) ~[neoforge-21.11.6-beta-client-extra-aka-minecraft-resources.jar:?]
	at java.base/java.lang.Thread.run(Thread.java:1583) [?:?]
[16Dec2025 22:32:11.606] [Render thread/INFO] [net.minecraft.client.gui.components.ChatComponent/]: [System] [CHAT] Unable to summon entity
[16Dec2025 22:32:35.180] [Server thread/INFO] [net.minecraft.server.MinecraftServer/]: [Dev: Changed the block at -39, 56, 12]
[16Dec2025 22:32:35.195] [Render thread/INFO] [net.minecraft.client.gui.components.ChatComponent/]: [System] [CHAT] Changed the block at -39, 56, 12
[16Dec2025 22:32:49.023] [Server thread/INFO] [net.minecraft.server.MinecraftServer/]: [Dev: Changed the block at -37, 56, 10]
[16Dec2025 22:32:49.024] [Render thread/INFO] [net.minecraft.client.gui.components.ChatComponent/]: [System] [CHAT] Changed the block at -37, 56, 10
[16Dec2025 22:33:01.200] [Server thread/INFO] [net.minecraft.server.MinecraftServer/]: [Dev: Changed the block at -35, 56, 10]
[16Dec2025 22:33:01.201] [Render thread/INFO] [net.minecraft.client.gui.components.ChatComponent/]: [System] [CHAT] Changed the block at -35, 56, 10
[16Dec2025 22:33:19.976] [Render thread/INFO] [net.minecraft.client.gui.components.ChatComponent/]: [System] [CHAT] Unknown block type 'spells_n_squares:'
[16Dec2025 22:33:19.976] [Render thread/INFO] [net.minecraft.client.gui.components.ChatComponent/]: [System] [CHAT] ...ock ~ ~ ~ spells_n_squares:<--[HERE]
[16Dec2025 22:33:32.385] [Server thread/INFO] [net.minecraft.server.MinecraftServer/]: [Dev: Changed the block at -32, 56, 9]
[16Dec2025 22:33:32.387] [Render thread/INFO] [net.minecraft.client.gui.components.ChatComponent/]: [System] [CHAT] Changed the block at -32, 56, 9
[16Dec2025 22:33:50.662] [Server thread/INFO] [net.minecraft.server.MinecraftServer/]: [Dev: Gave 1 [item.spells_n_squares.wizard_tower] to Dev]
[16Dec2025 22:33:50.676] [Render thread/INFO] [net.minecraft.client.gui.components.ChatComponent/]: [System] [CHAT] Gave 1 [item.spells_n_squares.wizard_tower] to Dev
[16Dec2025 22:34:04.271] [Server thread/INFO] [net.minecraft.server.MinecraftServer/]: [Dev: Gave 1 [item.spells_n_squares.two_way_mirror] to Dev]
[16Dec2025 22:34:04.286] [Render thread/INFO] [net.minecraft.client.gui.components.ChatComponent/]: [System] [CHAT] Gave 1 [item.spells_n_squares.two_way_mirror] to Dev
[16Dec2025 22:34:08.383] [Render thread/INFO] [net.minecraft.client.gui.components.ChatComponent/]: [System] [CHAT] Right-click another mirror to pair
[16Dec2025 22:34:08.583] [Render thread/INFO] [net.minecraft.client.gui.components.ChatComponent/]: [System] [CHAT] Right-click another mirror to pair
[16Dec2025 22:34:08.783] [Render thread/INFO] [net.minecraft.client.gui.components.ChatComponent/]: [System] [CHAT] Right-click another mirror to pair
[16Dec2025 22:34:15.330] [Render thread/INFO] [net.minecraft.client.gui.components.ChatComponent/]: [System] [CHAT] Right-click another mirror to pair
[16Dec2025 22:34:16.279] [Render thread/INFO] [net.minecraft.client.gui.components.ChatComponent/]: [System] [CHAT] Right-click another mirror to pair
[16Dec2025 22:34:17.179] [Render thread/INFO] [net.minecraft.client.gui.components.ChatComponent/]: [System] [CHAT] Right-click another mirror to pair
[16Dec2025 22:34:17.729] [Render thread/INFO] [net.minecraft.client.gui.components.ChatComponent/]: [System] [CHAT] Right-click another mirror to pair
[16Dec2025 22:34:17.928] [Render thread/INFO] [net.minecraft.client.gui.components.ChatComponent/]: [System] [CHAT] Right-click another mirror to pair
[16Dec2025 22:34:33.322] [Server thread/INFO] [net.minecraft.server.MinecraftServer/]: [Dev: Gave 1 [item.spells_n_squares.two_way_mirror] to Dev]
[16Dec2025 22:34:33.339] [Render thread/INFO] [net.minecraft.client.gui.components.ChatComponent/]: [System] [CHAT] Gave 1 [item.spells_n_squares.two_way_mirror] to Dev
[16Dec2025 22:34:34.171] [Render thread/INFO] [net.minecraft.client.gui.components.ChatComponent/]: [System] [CHAT] Right-click another mirror to pair
[16Dec2025 22:34:38.186] [Render thread/INFO] [net.minecraft.client.gui.components.ChatComponent/]: [System] [CHAT] Right-click another mirror to pair
[16Dec2025 22:34:39.835] [Render thread/INFO] [net.minecraft.client.gui.components.ChatComponent/]: [System] [CHAT] Right-click another mirror to pair
[16Dec2025 22:34:50.882] [Server thread/INFO] [net.minecraft.server.MinecraftServer/]: [Dev: Gave 1 [item.spells_n_squares.broomstick_basic] to Dev]
[16Dec2025 22:34:50.897] [Render thread/INFO] [net.minecraft.client.gui.components.ChatComponent/]: [System] [CHAT] Gave 1 [item.spells_n_squares.broomstick_basic] to Dev
[16Dec2025 22:35:23.533] [Server thread/INFO] [net.minecraft.server.MinecraftServer/]: [Dev: Gave 1 [item.spells_n_squares.pocket_dimension] to Dev]
[16Dec2025 22:35:23.548] [Render thread/INFO] [net.minecraft.client.gui.components.ChatComponent/]: [System] [CHAT] Gave 1 [item.spells_n_squares.pocket_dimension] to Dev
[16Dec2025 22:35:27.678] [Render thread/INFO] [net.minecraft.client.gui.components.ChatComponent/]: [System] [CHAT] Pocket Dimension (Size: 16x16)
[16Dec2025 22:35:28.178] [Render thread/INFO] [net.minecraft.client.gui.components.ChatComponent/]: [System] [CHAT] Pocket Dimension (Size: 16x16)
[16Dec2025 22:35:30.627] [Render thread/INFO] [net.minecraft.client.gui.components.ChatComponent/]: [System] [CHAT] Pocket Dimension (Size: 16x16)
[16Dec2025 22:35:31.127] [Render thread/INFO] [net.minecraft.client.gui.components.ChatComponent/]: [System] [CHAT] Pocket Dimension (Size: 16x16)
[16Dec2025 22:35:31.327] [Render thread/INFO] [net.minecraft.client.gui.components.ChatComponent/]: [System] [CHAT] Pocket Dimension (Size: 16x16)
[16Dec2025 22:35:31.527] [Render thread/INFO] [net.minecraft.client.gui.components.ChatComponent/]: [System] [CHAT] Pocket Dimension (Size: 16x16)
[16Dec2025 22:35:31.677] [Render thread/INFO] [net.minecraft.client.gui.components.ChatComponent/]: [System] [CHAT] Pocket Dimension (Size: 16x16)
[16Dec2025 22:35:31.877] [Render thread/INFO] [net.minecraft.client.gui.components.ChatComponent/]: [System] [CHAT] Pocket Dimension (Size: 16x16)
[16Dec2025 22:35:32.226] [Render thread/INFO] [net.minecraft.client.gui.components.ChatComponent/]: [System] [CHAT] Pocket Dimension (Size: 16x16)
[16Dec2025 22:35:41.390] [Server thread/INFO] [net.minecraft.server.MinecraftServer/]: [Dev: Gave 1 [item.spells_n_squares.enchanted_bag_bottomless] to Dev]
[16Dec2025 22:35:41.405] [Render thread/INFO] [net.minecraft.client.gui.components.ChatComponent/]: [System] [CHAT] Gave 1 [item.spells_n_squares.enchanted_bag_bottomless] to Dev
[16Dec2025 22:35:43.188] [Render thread/INFO] [net.minecraft.client.gui.components.ChatComponent/]: [System] [CHAT] Bag contains 0/54 items
[16Dec2025 22:35:43.820] [Render thread/INFO] [net.minecraft.client.gui.components.ChatComponent/]: [System] [CHAT] Bag contains 0/54 items
[16Dec2025 22:35:44.271] [Render thread/INFO] [net.minecraft.client.gui.components.ChatComponent/]: [System] [CHAT] Bag contains 0/54 items
[16Dec2025 22:35:44.438] [Render thread/INFO] [net.minecraft.client.gui.components.ChatComponent/]: [System] [CHAT] Bag contains 0/54 items
[16Dec2025 22:35:44.620] [Render thread/INFO] [net.minecraft.client.gui.components.ChatComponent/]: [System] [CHAT] Bag contains 0/54 items
[16Dec2025 22:35:44.786] [Render thread/INFO] [net.minecraft.client.gui.components.ChatComponent/]: [System] [CHAT] Bag contains 0/54 items
[16Dec2025 22:35:44.987] [Render thread/INFO] [net.minecraft.client.gui.components.ChatComponent/]: [System] [CHAT] Bag contains 0/54 items
[16Dec2025 22:35:45.238] [Render thread/INFO] [net.minecraft.client.gui.components.ChatComponent/]: [System] [CHAT] Bag contains 0/54 items
[16Dec2025 22:35:45.437] [Render thread/INFO] [net.minecraft.client.gui.components.ChatComponent/]: [System] [CHAT] Bag contains 0/54 items
[16Dec2025 22:35:45.720] [Render thread/INFO] [net.minecraft.client.gui.components.ChatComponent/]: [System] [CHAT] Bag contains 0/54 items
[16Dec2025 22:35:46.970] [Render thread/INFO] [net.minecraft.client.gui.components.ChatComponent/]: [System] [CHAT] Bag contains 0/54 items
[16Dec2025 22:35:47.186] [Render thread/INFO] [net.minecraft.client.gui.components.ChatComponent/]: [System] [CHAT] Bag contains 0/54 items
